#-----------------------------------------------------------
# Vivado v2017.2 (64-bit)
# SW Build 1909853 on Thu Jun 15 18:39:09 MDT 2017
# IP Build 1909766 on Thu Jun 15 19:58:00 MDT 2017
# Start of session at: Fri Sep 22 17:37:47 2017
# Process ID: 10848
# Current directory: C:/Users/fer/Desktop/EE214/214/reaction
# Command line: vivado.exe -gui_launcher_event rodinguilauncherevent6532 C:\Users\fer\Desktop\EE214\214\reaction\reaction.xpr
# Log file: C:/Users/fer/Desktop/EE214/214/reaction/vivado.log
# Journal file: C:/Users/fer/Desktop/EE214/214/reaction\vivado.jou
#-----------------------------------------------------------
start_gui
open_project C:/Users/fer/Desktop/EE214/214/reaction/reaction.xpr
Scanning sources...
Finished scanning sources
INFO: [IP_Flow 19-234] Refreshing IP repositories
INFO: [IP_Flow 19-1704] No user IP repositories specified
INFO: [IP_Flow 19-2313] Loaded Vivado IP repository 'C:/Xilinx/Vivado/2017.2/data/ip'.
update_compile_order -fileset sources_1
reset_run synth_1
launch_runs synth_1 -jobs 4
[Fri Sep 22 17:41:39 2017] Launched synth_1...
Run output will be captured here: C:/Users/fer/Desktop/EE214/214/reaction/reaction.runs/synth_1/runme.log
launch_runs impl_1 -jobs 4
[Fri Sep 22 17:42:48 2017] Launched impl_1...
Run output will be captured here: C:/Users/fer/Desktop/EE214/214/reaction/reaction.runs/impl_1/runme.log
launch_runs impl_1 -to_step write_bitstream -jobs 4
[Fri Sep 22 17:43:53 2017] Launched impl_1...
Run output will be captured here: C:/Users/fer/Desktop/EE214/214/reaction/reaction.runs/impl_1/runme.log
open_hw
connect_hw_server
INFO: [Labtools 27-2285] Connecting to hw_server url TCP:localhost:3121
INFO: [Labtools 27-2222] Launching hw_server...
INFO: [Labtools 27-2221] Launch Output:

****** Xilinx hw_server v2017.2
  **** Build date : Jun 15 2017-18:53:26
    ** Copyright 1986-2017 Xilinx, Inc. All Rights Reserved.


open_hw_target
INFO: [Labtoolstcl 44-466] Opening hw_target localhost:3121/xilinx_tcf/Digilent/210183A2812CA
set_property PROGRAM.FILE {C:/Users/fer/Desktop/EE214/214/reaction/reaction.runs/impl_1/reaction.bit} [get_hw_devices xc7a35t_0]
current_hw_device [get_hw_devices xc7a35t_0]
refresh_hw_device -update_hw_probes false [lindex [get_hw_devices xc7a35t_0] 0]
INFO: [Labtools 27-1434] Device xc7a35t (JTAG device index = 0) is programmed with a design that has no supported debug core(s) in it.
WARNING: [Labtools 27-3361] The debug hub core was not detected.
Resolution: 
1. Make sure the clock connected to the debug hub (dbg_hub) core is a free running clock and is active.
2. Make sure the BSCAN_SWITCH_USER_MASK device property in Vivado Hardware Manager reflects the user scan chain setting in the design and refresh the device.  To determine the user scan chain setting in the design, open the implemented design and use 'get_property C_USER_SCAN_CHAIN [get_debug_cores dbg_hub]'.
For more details on setting the scan chain property, consult the Vivado Debug and Programming User Guide (UG908).
set_property PROBES.FILE {} [get_hw_devices xc7a35t_0]
set_property FULL_PROBES.FILE {} [get_hw_devices xc7a35t_0]
set_property PROGRAM.FILE {C:/Users/fer/Desktop/EE214/214/reaction/reaction.runs/impl_1/reaction.bit} [get_hw_devices xc7a35t_0]
program_hw_devices [get_hw_devices xc7a35t_0]
INFO: [Labtools 27-3164] End of startup status: HIGH
refresh_hw_device [lindex [get_hw_devices xc7a35t_0] 0]
INFO: [Labtools 27-1434] Device xc7a35t (JTAG device index = 0) is programmed with a design that has no supported debug core(s) in it.
WARNING: [Labtools 27-3361] The debug hub core was not detected.
Resolution: 
1. Make sure the clock connected to the debug hub (dbg_hub) core is a free running clock and is active.
2. Make sure the BSCAN_SWITCH_USER_MASK device property in Vivado Hardware Manager reflects the user scan chain setting in the design and refresh the device.  To determine the user scan chain setting in the design, open the implemented design and use 'get_property C_USER_SCAN_CHAIN [get_debug_cores dbg_hub]'.
For more details on setting the scan chain property, consult the Vivado Debug and Programming User Guide (UG908).
reset_run impl_1
launch_runs impl_1 -jobs 4
[Fri Sep 22 17:52:10 2017] Launched impl_1...
Run output will be captured here: C:/Users/fer/Desktop/EE214/214/reaction/reaction.runs/impl_1/runme.log
reset_run synth_1
launch_runs impl_1 -to_step write_bitstream -jobs 4
[Fri Sep 22 17:53:05 2017] Launched synth_1...
Run output will be captured here: C:/Users/fer/Desktop/EE214/214/reaction/reaction.runs/synth_1/runme.log
[Fri Sep 22 17:53:05 2017] Launched impl_1...
Run output will be captured here: C:/Users/fer/Desktop/EE214/214/reaction/reaction.runs/impl_1/runme.log
set_property PROBES.FILE {} [get_hw_devices xc7a35t_0]
set_property FULL_PROBES.FILE {} [get_hw_devices xc7a35t_0]
set_property PROGRAM.FILE {C:/Users/fer/Desktop/EE214/214/reaction/reaction.runs/impl_1/reaction.bit} [get_hw_devices xc7a35t_0]
program_hw_devices [get_hw_devices xc7a35t_0]
INFO: [Labtools 27-3164] End of startup status: HIGH
refresh_hw_device [lindex [get_hw_devices xc7a35t_0] 0]
INFO: [Labtools 27-1434] Device xc7a35t (JTAG device index = 0) is programmed with a design that has no supported debug core(s) in it.
WARNING: [Labtools 27-3361] The debug hub core was not detected.
Resolution: 
1. Make sure the clock connected to the debug hub (dbg_hub) core is a free running clock and is active.
2. Make sure the BSCAN_SWITCH_USER_MASK device property in Vivado Hardware Manager reflects the user scan chain setting in the design and refresh the device.  To determine the user scan chain setting in the design, open the implemented design and use 'get_property C_USER_SCAN_CHAIN [get_debug_cores dbg_hub]'.
For more details on setting the scan chain property, consult the Vivado Debug and Programming User Guide (UG908).
reset_run impl_1
launch_runs impl_1 -jobs 4
[Fri Sep 22 17:57:12 2017] Launched impl_1...
Run output will be captured here: C:/Users/fer/Desktop/EE214/214/reaction/reaction.runs/impl_1/runme.log
reset_run synth_1
launch_runs impl_1 -to_step write_bitstream -jobs 4
[Fri Sep 22 17:58:09 2017] Launched synth_1...
Run output will be captured here: C:/Users/fer/Desktop/EE214/214/reaction/reaction.runs/synth_1/runme.log
[Fri Sep 22 17:58:09 2017] Launched impl_1...
Run output will be captured here: C:/Users/fer/Desktop/EE214/214/reaction/reaction.runs/impl_1/runme.log
set_property PROBES.FILE {} [get_hw_devices xc7a35t_0]
set_property FULL_PROBES.FILE {} [get_hw_devices xc7a35t_0]
set_property PROGRAM.FILE {C:/Users/fer/Desktop/EE214/214/reaction/reaction.runs/impl_1/reaction.bit} [get_hw_devices xc7a35t_0]
program_hw_devices [get_hw_devices xc7a35t_0]
INFO: [Labtools 27-3164] End of startup status: HIGH
refresh_hw_device [lindex [get_hw_devices xc7a35t_0] 0]
INFO: [Labtools 27-1434] Device xc7a35t (JTAG device index = 0) is programmed with a design that has no supported debug core(s) in it.
WARNING: [Labtools 27-3361] The debug hub core was not detected.
Resolution: 
1. Make sure the clock connected to the debug hub (dbg_hub) core is a free running clock and is active.
2. Make sure the BSCAN_SWITCH_USER_MASK device property in Vivado Hardware Manager reflects the user scan chain setting in the design and refresh the device.  To determine the user scan chain setting in the design, open the implemented design and use 'get_property C_USER_SCAN_CHAIN [get_debug_cores dbg_hub]'.
For more details on setting the scan chain property, consult the Vivado Debug and Programming User Guide (UG908).
reset_run impl_1
launch_runs impl_1 -jobs 4
[Fri Sep 22 18:06:03 2017] Launched impl_1...
Run output will be captured here: C:/Users/fer/Desktop/EE214/214/reaction/reaction.runs/impl_1/runme.log
reset_run synth_1
launch_runs impl_1 -to_step write_bitstream -jobs 4
[Fri Sep 22 18:07:02 2017] Launched synth_1...
Run output will be captured here: C:/Users/fer/Desktop/EE214/214/reaction/reaction.runs/synth_1/runme.log
[Fri Sep 22 18:07:02 2017] Launched impl_1...
Run output will be captured here: C:/Users/fer/Desktop/EE214/214/reaction/reaction.runs/impl_1/runme.log
set_property PROBES.FILE {} [get_hw_devices xc7a35t_0]
set_property FULL_PROBES.FILE {} [get_hw_devices xc7a35t_0]
set_property PROGRAM.FILE {C:/Users/fer/Desktop/EE214/214/reaction/reaction.runs/impl_1/reaction.bit} [get_hw_devices xc7a35t_0]
program_hw_devices [get_hw_devices xc7a35t_0]
INFO: [Labtools 27-3164] End of startup status: HIGH
refresh_hw_device [lindex [get_hw_devices xc7a35t_0] 0]
INFO: [Labtools 27-1434] Device xc7a35t (JTAG device index = 0) is programmed with a design that has no supported debug core(s) in it.
WARNING: [Labtools 27-3361] The debug hub core was not detected.
Resolution: 
1. Make sure the clock connected to the debug hub (dbg_hub) core is a free running clock and is active.
2. Make sure the BSCAN_SWITCH_USER_MASK device property in Vivado Hardware Manager reflects the user scan chain setting in the design and refresh the device.  To determine the user scan chain setting in the design, open the implemented design and use 'get_property C_USER_SCAN_CHAIN [get_debug_cores dbg_hub]'.
For more details on setting the scan chain property, consult the Vivado Debug and Programming User Guide (UG908).
reset_run impl_1
launch_runs impl_1 -jobs 4
[Fri Sep 22 18:12:49 2017] Launched impl_1...
Run output will be captured here: C:/Users/fer/Desktop/EE214/214/reaction/reaction.runs/impl_1/runme.log
reset_run synth_1
launch_runs impl_1 -to_step write_bitstream -jobs 4
[Fri Sep 22 18:13:47 2017] Launched synth_1...
Run output will be captured here: C:/Users/fer/Desktop/EE214/214/reaction/reaction.runs/synth_1/runme.log
[Fri Sep 22 18:13:47 2017] Launched impl_1...
Run output will be captured here: C:/Users/fer/Desktop/EE214/214/reaction/reaction.runs/impl_1/runme.log
set_property PROBES.FILE {} [get_hw_devices xc7a35t_0]
set_property FULL_PROBES.FILE {} [get_hw_devices xc7a35t_0]
set_property PROGRAM.FILE {C:/Users/fer/Desktop/EE214/214/reaction/reaction.runs/impl_1/reaction.bit} [get_hw_devices xc7a35t_0]
program_hw_devices [get_hw_devices xc7a35t_0]
INFO: [Labtools 27-3164] End of startup status: HIGH
refresh_hw_device [lindex [get_hw_devices xc7a35t_0] 0]
INFO: [Labtools 27-1434] Device xc7a35t (JTAG device index = 0) is programmed with a design that has no supported debug core(s) in it.
WARNING: [Labtools 27-3361] The debug hub core was not detected.
Resolution: 
1. Make sure the clock connected to the debug hub (dbg_hub) core is a free running clock and is active.
2. Make sure the BSCAN_SWITCH_USER_MASK device property in Vivado Hardware Manager reflects the user scan chain setting in the design and refresh the device.  To determine the user scan chain setting in the design, open the implemented design and use 'get_property C_USER_SCAN_CHAIN [get_debug_cores dbg_hub]'.
For more details on setting the scan chain property, consult the Vivado Debug and Programming User Guide (UG908).
reset_run impl_1
launch_runs impl_1 -jobs 4
[Fri Sep 22 18:17:27 2017] Launched impl_1...
Run output will be captured here: C:/Users/fer/Desktop/EE214/214/reaction/reaction.runs/impl_1/runme.log
reset_run impl_1
reset_run synth_1
launch_runs synth_1 -jobs 4
[Fri Sep 22 18:17:52 2017] Launched synth_1...
Run output will be captured here: C:/Users/fer/Desktop/EE214/214/reaction/reaction.runs/synth_1/runme.log
launch_runs impl_1 -jobs 4
[Fri Sep 22 18:18:49 2017] Launched impl_1...
Run output will be captured here: C:/Users/fer/Desktop/EE214/214/reaction/reaction.runs/impl_1/runme.log
reset_run impl_1
exit
INFO: [Common 17-206] Exiting Vivado at Fri Sep 22 18:22:22 2017...
