#-----------------------------------------------------------
# Webtalk v2017.3 (64-bit)
# SW Build 2018833 on Wed Oct  4 19:58:07 MDT 2017
# 
# Start of session at: Tue Oct 17 16:10:58 2017
# Process ID: 2941
# Current directory: /home/jfonda/Documents/EE324/LED_Controller/LED_Controller.sdk/webtalk
# Command line: wbtcv -mode batch -source sdk_webtalk.tcl
# Log file: /home/jfonda/Documents/EE324/LED_Controller/LED_Controller.sdk/webtalk/webtalk.log
# Journal file: /home/jfonda/Documents/EE324/LED_Controller/LED_Controller.sdk/webtalk/webtalk.jou
#-----------------------------------------------------------
source sdk_webtalk.tcl
# webtalk_init -webtalk_dir /home/jfonda/Documents/EE324/LED_Controller/LED_Controller.sdk/webtalk
# webtalk_register_client -client project
# webtalk_add_data -client project -key date_generated -value "2017-10-17 16:10:57" -context "software_version_and_target_device"
# webtalk_add_data -client project -key product_version -value "SDK v2017.3" -context "software_version_and_target_device"
# webtalk_add_data -client project -key build_version -value "2017.3" -context "software_version_and_target_device"
# webtalk_add_data -client project -key os_platform -value "amd64" -context "software_version_and_target_device"
# webtalk_add_data -client project -key registration_id -value "" -context "software_version_and_target_device"
# webtalk_add_data -client project -key tool_flow -value "SDK" -context "software_version_and_target_device"
# webtalk_add_data -client project -key beta -value "false" -context "software_version_and_target_device"
# webtalk_add_data -client project -key route_design -value "NA" -context "software_version_and_target_device"
# webtalk_add_data -client project -key target_family -value "NA" -context "software_version_and_target_device"
# webtalk_add_data -client project -key target_device -value "NA" -context "software_version_and_target_device"
# webtalk_add_data -client project -key target_package -value "NA" -context "software_version_and_target_device"
# webtalk_add_data -client project -key target_speed -value "NA" -context "software_version_and_target_device"
# webtalk_add_data -client project -key random_id -value "s6l8c6ef4tlavpa7oh0uvadum8" -context "software_version_and_target_device"
# webtalk_add_data -client project -key project_id -value "2017.3_1" -context "software_version_and_target_device"
# webtalk_add_data -client project -key project_iteration -value "1" -context "software_version_and_target_device"
# webtalk_add_data -client project -key os_name -value "Ubuntu" -context "user_environment"
# webtalk_add_data -client project -key os_release -value "Ubuntu 16.04.3 LTS" -context "user_environment"
# webtalk_add_data -client project -key cpu_name -value "Intel(R) Core(TM) i7-4870HQ CPU @ 2.50GHz" -context "user_environment"
# webtalk_add_data -client project -key cpu_speed -value "2494.716 MHz" -context "user_environment"
# webtalk_add_data -client project -key total_processors -value "2" -context "user_environment"
# webtalk_add_data -client project -key system_ram -value "4.122 GB" -context "user_environment"
# webtalk_register_client -client sdk
# webtalk_add_data -client sdk -key uid -value "1508281834000" -context "sdk\\\\hardware/1508281834000"
# webtalk_add_data -client sdk -key isZynq -value "true" -context "sdk\\\\hardware/1508281834000"
# webtalk_add_data -client sdk -key isZynqMP -value "false" -context "sdk\\\\hardware/1508281834000"
# webtalk_add_data -client sdk -key Processors -value "2" -context "sdk\\\\hardware/1508281834000"
# webtalk_add_data -client sdk -key VivadoVersion -value "2017.2" -context "sdk\\\\hardware/1508281834000"
# webtalk_add_data -client sdk -key Arch -value "zynq" -context "sdk\\\\hardware/1508281834000"
# webtalk_add_data -client sdk -key Device -value "7z010" -context "sdk\\\\hardware/1508281834000"
# webtalk_add_data -client sdk -key IsHandoff -value "true" -context "sdk\\\\hardware/1508281834000"
# webtalk_add_data -client sdk -key os -value "NA" -context "sdk\\\\hardware/1508281834000"
# webtalk_add_data -client sdk -key apptemplate -value "NA" -context "sdk\\\\hardware/1508281834000"
# webtalk_add_data -client sdk -key RecordType -value "HWCreation" -context "sdk\\\\hardware/1508281834000"
# webtalk_add_data -client sdk -key uid -value "NA" -context "sdk\\\\bsp/1508281857282"
# webtalk_add_data -client sdk -key RecordType -value "ToolUsage" -context "sdk\\\\bsp/1508281857282"
# webtalk_add_data -client sdk -key BootgenCount -value "0" -context "sdk\\\\bsp/1508281857282"
# webtalk_add_data -client sdk -key DebugCount -value "0" -context "sdk\\\\bsp/1508281857282"
# webtalk_add_data -client sdk -key PerfCount -value "0" -context "sdk\\\\bsp/1508281857282"
# webtalk_add_data -client sdk -key FlashCount -value "0" -context "sdk\\\\bsp/1508281857282"
# webtalk_add_data -client sdk -key CrossTriggCount -value "0" -context "sdk\\\\bsp/1508281857282"
# webtalk_add_data -client sdk -key QemuDebugCount -value "0" -context "sdk\\\\bsp/1508281857282"
# webtalk_transmit -clientid 957059050 -regid "" -xml /home/jfonda/Documents/EE324/LED_Controller/LED_Controller.sdk/webtalk/usage_statistics_ext_sdk.xml -html /home/jfonda/Documents/EE324/LED_Controller/LED_Controller.sdk/webtalk/usage_statistics_ext_sdk.html -wdm /home/jfonda/Documents/EE324/LED_Controller/LED_Controller.sdk/webtalk/sdk_webtalk.wdm -intro "<H3>SDK Usage Report</H3><BR>"
INFO: [Common 17-186] '/home/jfonda/Documents/EE324/LED_Controller/LED_Controller.sdk/webtalk/usage_statistics_ext_sdk.xml' has been successfully sent to Xilinx on Tue Oct 17 16:10:59 2017. For additional details about this file, please refer to the WebTalk help file at /opt/Xilinx/SDK/2017.3/doc/webtalk_introduction.html.
# webtalk_terminate
INFO: [Common 17-206] Exiting Webtalk at Tue Oct 17 16:10:59 2017...
