19:06:06 INFO  : Registering command handlers for SDK TCF services
19:06:09 INFO  : Launching XSCT server: xsct -n -interactive /home/jfonda/Documents/EE324/LED_PWM/LED_PWM.sdk/temp_xsdb_launch_script.tcl
19:06:11 INFO  : XSCT server has started successfully.
19:06:11 INFO  : Successfully done setting XSCT server connection channel  
19:06:11 INFO  : Successfully done setting SDK workspace  
19:06:11 INFO  : Processing command line option -hwspec /home/jfonda/Documents/EE324/LED_PWM/LED_PWM.sdk/system_wrapper.hdf.
19:09:07 INFO  : Connected to target on host '127.0.0.1' and port '3121'.
19:09:22 ERROR : 'targets -set -filter {jtag_cable_name =~ "Digilent Zybo 210279A42703A" && level==0} -index 1' is cancelled.
19:09:22 INFO  : Issued abort command to xsdb.
19:09:28 INFO  : Connected to target on host '127.0.0.1' and port '3121'.
19:09:28 INFO  : 'targets -set -filter {jtag_cable_name =~ "Digilent Zybo 210279A42703A" && level==0} -index 1' command is executed.
19:09:29 INFO  : FPGA configured successfully with bitstream "/home/jfonda/Documents/EE324/LED_PWM/LED_PWM.sdk/system_wrapper_hw_platform_0/system_wrapper.bit"
19:15:55 INFO  : Connected to target on host '127.0.0.1' and port '3121'.
19:15:55 INFO  : 'targets -set -filter {jtag_cable_name =~ "Digilent Zybo 210279A42703A" && level==0} -index 1' command is executed.
19:15:56 INFO  : FPGA configured successfully with bitstream "/home/jfonda/Documents/EE324/LED_PWM/LED_PWM.sdk/system_wrapper_hw_platform_0/system_wrapper.bit"
19:17:18 INFO  : Connected to target on host '127.0.0.1' and port '3121'.
19:17:18 INFO  : 'targets -set -filter {jtag_cable_name =~ "Digilent Zybo 210279A42703A" && level==0} -index 1' command is executed.
19:17:20 INFO  : FPGA configured successfully with bitstream "/home/jfonda/Documents/EE324/LED_PWM/LED_PWM.sdk/system_wrapper_hw_platform_0/system_wrapper.bit"
19:24:41 INFO  : Connected to target on host '127.0.0.1' and port '3121'.
19:24:41 INFO  : 'targets -set -filter {jtag_cable_name =~ "Digilent Zybo 210279A42703A" && level==0} -index 1' command is executed.
19:24:43 INFO  : FPGA configured successfully with bitstream "/home/jfonda/Documents/EE324/LED_PWM/LED_PWM.sdk/system_wrapper_hw_platform_0/system_wrapper.bit"
19:25:57 INFO  : Registering command handlers for SDK TCF services
19:25:58 INFO  : Launching XSCT server: xsct -n -interactive /home/jfonda/Documents/EE324/LED_PWM/LED_PWM.sdk/temp_xsdb_launch_script.tcl
19:25:59 INFO  : XSCT server has started successfully.
19:25:59 INFO  : Successfully done setting XSCT server connection channel  
19:25:59 INFO  : Successfully done setting SDK workspace  
19:25:59 INFO  : Processing command line option -hwspec /home/jfonda/Documents/EE324/LED_PWM/LED_PWM.sdk/system_wrapper.hdf.
19:25:59 INFO  : Checking for hwspec changes in the project system_wrapper_hw_platform_0.
20:19:34 INFO  : SDK has detected change in the last modified timestamps for source hardware specification file Source:1509160747000,  Project:1509156292000
20:19:34 INFO  : Project system_wrapper_hw_platform_0's source hardware specification located at /home/jfonda/Documents/EE324/LED_PWM/LED_PWM.sdk/system_wrapper.hdf is now different from the local copy.
		 The local copy will be replaced with the source specification and your workspace will be updated.
20:19:42 INFO  : Project system_wrapper_hw_platform_0's source hardware specification location will not be monitored anymore.
20:20:07 INFO  : Registering command handlers for SDK TCF services
20:20:07 INFO  : Launching XSCT server: xsct -n -interactive /home/jfonda/Documents/EE324/LED_PWM/LED_PWM.sdk/temp_xsdb_launch_script.tcl
20:20:08 INFO  : XSCT server has started successfully.
20:20:08 INFO  : Successfully done setting XSCT server connection channel  
20:20:08 INFO  : Successfully done setting SDK workspace  
20:20:08 INFO  : Processing command line option -hwspec /home/jfonda/Documents/EE324/LED_PWM/LED_PWM.sdk/system_wrapper.hdf.
20:24:49 INFO  : Connected to target on host '127.0.0.1' and port '3121'.
20:24:50 INFO  : 'targets -set -filter {jtag_cable_name =~ "Digilent Zybo 210279A42703A" && level==0} -index 1' command is executed.
20:24:52 INFO  : FPGA configured successfully with bitstream "/home/jfonda/Documents/EE324/LED_PWM/LED_PWM.sdk/system_wrapper_hw_platform_0/system_wrapper.bit"
20:25:05 WARN  : Given IPC port value is invalid. Using default port 2350
20:25:05 WARN  : Given XMD timeout value is invalid. Using default value of 50000
20:25:08 WARN  : Given XMD transaction timeout value is invalid. Using default value of 60000 milli seconds
20:25:23 INFO  : Connected to target on host '127.0.0.1' and port '3121'.
20:25:23 INFO  : 'targets -set -filter {jtag_cable_name =~ "Digilent Zybo 210279A42703A" && level==0} -index 1' command is executed.
20:25:24 INFO  : FPGA configured successfully with bitstream "/home/jfonda/Documents/EE324/LED_PWM/LED_PWM.sdk/system_wrapper_hw_platform_0/system_wrapper.bit"
20:25:52 INFO  : 'targets -set -filter {jtag_cable_name =~ "Digilent Zybo 210279A42703A" && level==0} -index 1' command is executed.
20:25:52 INFO  : 'fpga -state' command is executed.
20:25:52 INFO  : Connected to target on host '127.0.0.1' and port '3121'.
20:25:52 INFO  : Jtag cable 'Digilent Zybo 210279A42703A' is selected.
20:25:52 INFO  : 'jtag frequency' command is executed.
20:25:52 INFO  : Sourcing of '/home/jfonda/Documents/EE324/LED_PWM/LED_PWM.sdk/system_wrapper_hw_platform_0/ps7_init.tcl' is done.
20:25:52 INFO  : Context for 'APU' is selected.
20:25:52 INFO  : Hardware design information is loaded from '/home/jfonda/Documents/EE324/LED_PWM/LED_PWM.sdk/system_wrapper_hw_platform_0/system.hdf'.
20:25:52 INFO  : 'configparams force-mem-access 1' command is executed.
20:25:52 INFO  : Context for 'APU' is selected.
20:25:53 INFO  : 'stop' command is executed.
20:25:59 INFO  : 'ps7_init' command is executed.
20:25:59 INFO  : 'ps7_post_config' command is executed.
20:25:59 INFO  : Context for processor 'ps7_cortexa9_0' is selected.
20:26:00 INFO  : Processor reset is completed for 'ps7_cortexa9_0'.
20:26:00 INFO  : Context for processor 'ps7_cortexa9_0' is selected.
20:26:00 INFO  : The application '/home/jfonda/Documents/EE324/LED_PWM/LED_PWM.sdk/led_pwm/Debug/led_pwm.elf' is downloaded to processor 'ps7_cortexa9_0'.
20:26:00 INFO  : 'configparams force-mem-access 0' command is executed.
20:26:00 INFO  : ----------------XSDB Script----------------
connect -url tcp:127.0.0.1:3121
source /home/jfonda/Documents/EE324/LED_PWM/LED_PWM.sdk/system_wrapper_hw_platform_0/ps7_init.tcl
targets -set -nocase -filter {name =~"APU*" && jtag_cable_name =~ "Digilent Zybo 210279A42703A"} -index 0
loadhw -hw /home/jfonda/Documents/EE324/LED_PWM/LED_PWM.sdk/system_wrapper_hw_platform_0/system.hdf -mem-ranges [list {0x40000000 0xbfffffff}]
configparams force-mem-access 1
targets -set -nocase -filter {name =~"APU*" && jtag_cable_name =~ "Digilent Zybo 210279A42703A"} -index 0
stop
ps7_init
ps7_post_config
targets -set -nocase -filter {name =~ "ARM*#0" && jtag_cable_name =~ "Digilent Zybo 210279A42703A"} -index 0
rst -processor
targets -set -nocase -filter {name =~ "ARM*#0" && jtag_cable_name =~ "Digilent Zybo 210279A42703A"} -index 0
dow /home/jfonda/Documents/EE324/LED_PWM/LED_PWM.sdk/led_pwm/Debug/led_pwm.elf
configparams force-mem-access 0
----------------End of Script----------------

20:26:00 INFO  : Memory regions updated for context APU
20:26:00 INFO  : Context for processor 'ps7_cortexa9_0' is selected.
20:26:00 INFO  : 'con' command is executed.
20:26:00 INFO  : ----------------XSDB Script (After Launch)----------------
targets -set -nocase -filter {name =~ "ARM*#0" && jtag_cable_name =~ "Digilent Zybo 210279A42703A"} -index 0
con
----------------End of Script----------------

20:26:00 INFO  : Launch script is exported to file '/home/jfonda/Documents/EE324/LED_PWM/LED_PWM.sdk/.sdk/launch_scripts/xilinx_c-c++_application_(system_debugger)/system_debugger_using_debug_led_pwm.elf_on_local.tcl'
21:10:11 INFO  : Disconnected from the channel tcfchan#1.
21:10:12 ERROR : Unexpected error while parsing XMD response ￿: com.google.gson.JsonSyntaxException: com.google.gson.stream.MalformedJsonException: invalid number or unquoted string near 
21:16:47 INFO  : Registering command handlers for SDK TCF services
21:16:48 INFO  : Launching XSCT server: xsct -n -interactive /home/jfonda/Documents/EE324/LED_PWM/LED_PWM.sdk/temp_xsdb_launch_script.tcl
21:16:49 INFO  : XSCT server has started successfully.
21:16:49 INFO  : Successfully done setting XSCT server connection channel  
21:16:49 INFO  : Successfully done setting SDK workspace  
21:16:49 INFO  : Processing command line option -hwspec /home/jfonda/Documents/EE324/LED_PWM/LED_PWM.sdk/system_wrapper.hdf.
21:16:49 INFO  : Checking for hwspec changes in the project system_wrapper_hw_platform_1.
21:16:52 INFO  : SDK has detected change in the last modified timestamps for source hardware specification file Source:1509164173000,  Project:1509160747000
21:16:52 INFO  : The hardware specification for project 'system_wrapper_hw_platform_1' is different from /home/jfonda/Documents/EE324/LED_PWM/LED_PWM.sdk/system_wrapper.hdf.
21:16:53 INFO  : Copied contents of /home/jfonda/Documents/EE324/LED_PWM/LED_PWM.sdk/system_wrapper.hdf into /system_wrapper_hw_platform_1/system.hdf.
21:16:55 ERROR : (XSDB Server)ERROR: [Hsi 55-1433] Error boost::filesystem::directory_iterator::construct: Permission denied: "/tmp/systemd-private-4e71b6e0c6754b869f44d29aacbd4db8-systemd-timesyncd.service-GKefVk"

21:16:55 ERROR : (XSDB Server)ERROR: [Hsi 55-1433] Error boost::filesystem::directory_iterator::construct: Permission denied: "/tmp/systemd-private-4e71b6e0c6754b869f44d29aacbd4db8-rtkit-daemon.service-mOSE77"
ERROR: [Hsi 55-1433] Error boost::filesystem::directory_iterator::construct: Permission denied: "/tmp/systemd-private-4e71b6e0c6754b869f44d29aacbd4db8-colord.service-SVof2M"
ERROR: [Hsi 55-1433] Error boost::filesystem::directory_iterator::construct: Permission denied: "/tmp/vmware-root"

21:16:55 ERROR : Failed to openhw "/tmp/system1494788218012324027.hdf"
Reason: ERROR: [Common 17-39] 'hsi::open_hw_design' failed due to earlier errors.

21:16:55 INFO  : Synchronizing projects in the workspace with the hardware platform specification changes.
21:16:55 INFO  : Clearing existing target manager status.
21:16:55 WARN  : Given IPC port value is invalid. Using default port 2350
21:16:55 WARN  : Given XMD timeout value is invalid. Using default value of 50000
21:16:58 WARN  : Given XMD transaction timeout value is invalid. Using default value of 60000 milli seconds
21:16:58 INFO  : Workspace synchronized with the new hardware specification file. Cleaning dependent projects...
21:16:58 WARN  : Linker script will not be updated automatically. Users need to update it manually.
21:20:26 INFO  : Connected to target on host '127.0.0.1' and port '3121'.
21:20:27 INFO  : 'targets -set -filter {jtag_cable_name =~ "Digilent Zybo 210279A42703A" && level==0} -index 1' command is executed.
21:20:31 INFO  : FPGA configured successfully with bitstream "/home/jfonda/Documents/EE324/LED_PWM/LED_PWM.sdk/system_wrapper_hw_platform_0/system_wrapper.bit"
21:20:48 INFO  : 'targets -set -filter {jtag_cable_name =~ "Digilent Zybo 210279A42703A" && level==0} -index 1' command is executed.
21:20:48 INFO  : 'fpga -state' command is executed.
21:20:48 INFO  : Connected to target on host '127.0.0.1' and port '3121'.
21:20:48 INFO  : Jtag cable 'Digilent Zybo 210279A42703A' is selected.
21:20:48 INFO  : 'jtag frequency' command is executed.
21:20:48 INFO  : Sourcing of '/home/jfonda/Documents/EE324/LED_PWM/LED_PWM.sdk/system_wrapper_hw_platform_0/ps7_init.tcl' is done.
21:20:48 INFO  : Context for 'APU' is selected.
21:20:48 INFO  : Hardware design information is loaded from '/home/jfonda/Documents/EE324/LED_PWM/LED_PWM.sdk/system_wrapper_hw_platform_0/system.hdf'.
21:20:48 INFO  : 'configparams force-mem-access 1' command is executed.
21:20:48 INFO  : Context for 'APU' is selected.
21:20:49 INFO  : 'stop' command is executed.
21:20:55 INFO  : 'ps7_init' command is executed.
21:20:55 INFO  : 'ps7_post_config' command is executed.
21:20:55 INFO  : Context for processor 'ps7_cortexa9_0' is selected.
21:20:55 INFO  : Processor reset is completed for 'ps7_cortexa9_0'.
21:20:55 INFO  : Context for processor 'ps7_cortexa9_0' is selected.
21:20:56 INFO  : The application '/home/jfonda/Documents/EE324/LED_PWM/LED_PWM.sdk/led_pwm/Debug/led_pwm.elf' is downloaded to processor 'ps7_cortexa9_0'.
21:20:56 INFO  : 'configparams force-mem-access 0' command is executed.
21:20:56 INFO  : ----------------XSDB Script----------------
connect -url tcp:127.0.0.1:3121
source /home/jfonda/Documents/EE324/LED_PWM/LED_PWM.sdk/system_wrapper_hw_platform_0/ps7_init.tcl
targets -set -nocase -filter {name =~"APU*" && jtag_cable_name =~ "Digilent Zybo 210279A42703A"} -index 0
loadhw -hw /home/jfonda/Documents/EE324/LED_PWM/LED_PWM.sdk/system_wrapper_hw_platform_0/system.hdf -mem-ranges [list {0x40000000 0xbfffffff}]
configparams force-mem-access 1
targets -set -nocase -filter {name =~"APU*" && jtag_cable_name =~ "Digilent Zybo 210279A42703A"} -index 0
stop
ps7_init
ps7_post_config
targets -set -nocase -filter {name =~ "ARM*#0" && jtag_cable_name =~ "Digilent Zybo 210279A42703A"} -index 0
rst -processor
targets -set -nocase -filter {name =~ "ARM*#0" && jtag_cable_name =~ "Digilent Zybo 210279A42703A"} -index 0
dow /home/jfonda/Documents/EE324/LED_PWM/LED_PWM.sdk/led_pwm/Debug/led_pwm.elf
configparams force-mem-access 0
----------------End of Script----------------

21:20:56 INFO  : Memory regions updated for context APU
21:20:56 INFO  : Context for processor 'ps7_cortexa9_0' is selected.
21:20:56 INFO  : 'con' command is executed.
21:20:56 INFO  : ----------------XSDB Script (After Launch)----------------
targets -set -nocase -filter {name =~ "ARM*#0" && jtag_cable_name =~ "Digilent Zybo 210279A42703A"} -index 0
con
----------------End of Script----------------

21:20:56 INFO  : Launch script is exported to file '/home/jfonda/Documents/EE324/LED_PWM/LED_PWM.sdk/.sdk/launch_scripts/xilinx_c-c++_application_(system_debugger)/system_debugger_using_debug_led_pwm.elf_on_local.tcl'
21:41:50 INFO  : Disconnected from the channel tcfchan#1.
21:41:50 ERROR : Unexpected error while parsing XMD response ￿: com.google.gson.JsonSyntaxException: com.google.gson.stream.MalformedJsonException: invalid number or unquoted string near 
21:49:47 INFO  : Registering command handlers for SDK TCF services
21:49:48 INFO  : Launching XSCT server: xsct -n -interactive /home/jfonda/Documents/EE324/LED_PWM/LED_PWM.sdk/temp_xsdb_launch_script.tcl
21:49:49 INFO  : XSCT server has started successfully.
21:49:49 INFO  : Successfully done setting XSCT server connection channel  
21:49:49 INFO  : Processing command line option -hwspec /home/jfonda/Documents/EE324/LED_PWM/LED_PWM.sdk/system_wrapper.hdf.
21:49:49 INFO  : Successfully done setting SDK workspace  
21:49:49 INFO  : Checking for hwspec changes in the project system_wrapper_hw_platform_1.
21:49:52 INFO  : SDK has detected change in the last modified timestamps for source hardware specification file Source:1509166120000,  Project:1509164173000
21:49:52 INFO  : The hardware specification for project 'system_wrapper_hw_platform_1' is different from /home/jfonda/Documents/EE324/LED_PWM/LED_PWM.sdk/system_wrapper.hdf.
21:49:52 INFO  : Copied contents of /home/jfonda/Documents/EE324/LED_PWM/LED_PWM.sdk/system_wrapper.hdf into /system_wrapper_hw_platform_1/system.hdf.
21:49:55 ERROR : (XSDB Server)ERROR: [Hsi 55-1433] Error boost::filesystem::directory_iterator::construct: Permission denied: "/tmp/systemd-private-4e71b6e0c6754b869f44d29aacbd4db8-systemd-timesyncd.service-GKefVk"

21:49:55 ERROR : (XSDB Server)ERROR: [Hsi 55-1433] Error boost::filesystem::directory_iterator::construct: Permission denied: "/tmp/systemd-private-4e71b6e0c6754b869f44d29aacbd4db8-rtkit-daemon.service-mOSE77"
ERROR: [Hsi 55-1433] Error boost::filesystem::directory_iterator::construct: Permission denied: "/tmp/systemd-private-4e71b6e0c6754b869f44d29aacbd4db8-colord.service-SVof2M"
ERROR: [Hsi 55-1433] Error boost::filesystem::directory_iterator::construct: Permission denied: "/tmp/vmware-root"

21:49:55 ERROR : Failed to openhw "/tmp/system2779704158653804319.hdf"
Reason: ERROR: [Common 17-39] 'hsi::open_hw_design' failed due to earlier errors.

21:49:55 INFO  : Synchronizing projects in the workspace with the hardware platform specification changes.
21:49:55 INFO  : Clearing existing target manager status.
21:49:55 WARN  : Given IPC port value is invalid. Using default port 2350
21:49:55 WARN  : Given XMD timeout value is invalid. Using default value of 50000
21:49:58 WARN  : Given XMD transaction timeout value is invalid. Using default value of 60000 milli seconds
21:49:58 INFO  : Workspace synchronized with the new hardware specification file. Cleaning dependent projects...
21:49:58 WARN  : Linker script will not be updated automatically. Users need to update it manually.
21:53:57 INFO  : Connected to target on host '127.0.0.1' and port '3121'.
21:53:57 INFO  : 'targets -set -filter {jtag_cable_name =~ "Digilent Zybo 210279A42703A" && level==0} -index 1' command is executed.
21:53:59 INFO  : FPGA configured successfully with bitstream "/home/jfonda/Documents/EE324/LED_PWM/LED_PWM.sdk/system_wrapper_hw_platform_0/system_wrapper.bit"
21:54:04 INFO  : 'targets -set -filter {jtag_cable_name =~ "Digilent Zybo 210279A42703A" && level==0} -index 1' command is executed.
21:54:04 INFO  : 'fpga -state' command is executed.
21:54:04 INFO  : Connected to target on host '127.0.0.1' and port '3121'.
21:54:05 INFO  : Jtag cable 'Digilent Zybo 210279A42703A' is selected.
21:54:05 INFO  : 'jtag frequency' command is executed.
21:54:05 INFO  : Sourcing of '/home/jfonda/Documents/EE324/LED_PWM/LED_PWM.sdk/system_wrapper_hw_platform_0/ps7_init.tcl' is done.
21:54:05 INFO  : Context for 'APU' is selected.
21:54:05 INFO  : Hardware design information is loaded from '/home/jfonda/Documents/EE324/LED_PWM/LED_PWM.sdk/system_wrapper_hw_platform_0/system.hdf'.
21:54:05 INFO  : 'configparams force-mem-access 1' command is executed.
21:54:05 INFO  : Context for 'APU' is selected.
21:54:05 INFO  : 'stop' command is executed.
21:54:12 INFO  : 'ps7_init' command is executed.
21:54:12 INFO  : 'ps7_post_config' command is executed.
21:54:12 INFO  : Context for processor 'ps7_cortexa9_0' is selected.
21:54:12 INFO  : Processor reset is completed for 'ps7_cortexa9_0'.
21:54:12 INFO  : Context for processor 'ps7_cortexa9_0' is selected.
21:54:12 INFO  : The application '/home/jfonda/Documents/EE324/LED_PWM/LED_PWM.sdk/led_pwm/Debug/led_pwm.elf' is downloaded to processor 'ps7_cortexa9_0'.
21:54:12 INFO  : 'configparams force-mem-access 0' command is executed.
21:54:12 INFO  : ----------------XSDB Script----------------
connect -url tcp:127.0.0.1:3121
source /home/jfonda/Documents/EE324/LED_PWM/LED_PWM.sdk/system_wrapper_hw_platform_0/ps7_init.tcl
targets -set -nocase -filter {name =~"APU*" && jtag_cable_name =~ "Digilent Zybo 210279A42703A"} -index 0
loadhw -hw /home/jfonda/Documents/EE324/LED_PWM/LED_PWM.sdk/system_wrapper_hw_platform_0/system.hdf -mem-ranges [list {0x40000000 0xbfffffff}]
configparams force-mem-access 1
targets -set -nocase -filter {name =~"APU*" && jtag_cable_name =~ "Digilent Zybo 210279A42703A"} -index 0
stop
ps7_init
ps7_post_config
targets -set -nocase -filter {name =~ "ARM*#0" && jtag_cable_name =~ "Digilent Zybo 210279A42703A"} -index 0
rst -processor
targets -set -nocase -filter {name =~ "ARM*#0" && jtag_cable_name =~ "Digilent Zybo 210279A42703A"} -index 0
dow /home/jfonda/Documents/EE324/LED_PWM/LED_PWM.sdk/led_pwm/Debug/led_pwm.elf
configparams force-mem-access 0
----------------End of Script----------------

21:54:13 INFO  : Memory regions updated for context APU
21:54:13 INFO  : Context for processor 'ps7_cortexa9_0' is selected.
21:54:13 INFO  : 'con' command is executed.
21:54:13 INFO  : ----------------XSDB Script (After Launch)----------------
targets -set -nocase -filter {name =~ "ARM*#0" && jtag_cable_name =~ "Digilent Zybo 210279A42703A"} -index 0
con
----------------End of Script----------------

21:54:13 INFO  : Launch script is exported to file '/home/jfonda/Documents/EE324/LED_PWM/LED_PWM.sdk/.sdk/launch_scripts/xilinx_c-c++_application_(system_debugger)/system_debugger_using_debug_led_pwm.elf_on_local.tcl'
21:54:43 INFO  : Disconnected from the channel tcfchan#1.
21:54:44 ERROR : Unexpected error while parsing XMD response ￿: com.google.gson.JsonSyntaxException: com.google.gson.stream.MalformedJsonException: invalid number or unquoted string near 
21:54:55 INFO  : Registering command handlers for SDK TCF services
21:54:55 INFO  : Launching XSCT server: xsct -n -interactive /home/jfonda/Documents/EE324/LED_PWM/LED_PWM.sdk/temp_xsdb_launch_script.tcl
21:54:56 INFO  : XSCT server has started successfully.
21:54:56 INFO  : Successfully done setting XSCT server connection channel  
21:54:57 INFO  : Successfully done setting SDK workspace  
21:54:57 INFO  : Processing command line option -hwspec /home/jfonda/Documents/EE324/LED_PWM/LED_PWM.sdk/system_wrapper.hdf.
21:54:57 INFO  : Checking for hwspec changes in the project system_wrapper_hw_platform_1.
21:55:05 INFO  : Connected to target on host '127.0.0.1' and port '3121'.
21:55:05 INFO  : 'targets -set -filter {jtag_cable_name =~ "Digilent Zybo 210279A42703A" && level==0} -index 1' command is executed.
21:55:07 INFO  : FPGA configured successfully with bitstream "/home/jfonda/Documents/EE324/LED_PWM/LED_PWM.sdk/system_wrapper_hw_platform_0/system_wrapper.bit"
21:55:45 INFO  : 'targets -set -filter {jtag_cable_name =~ "Digilent Zybo 210279A42703A" && level==0} -index 1' command is executed.
21:55:45 INFO  : 'fpga -state' command is executed.
21:55:45 INFO  : Connected to target on host '127.0.0.1' and port '3121'.
21:55:46 INFO  : Jtag cable 'Digilent Zybo 210279A42703A' is selected.
21:55:46 INFO  : 'jtag frequency' command is executed.
21:55:46 INFO  : Sourcing of '/home/jfonda/Documents/EE324/LED_PWM/LED_PWM.sdk/system_wrapper_hw_platform_0/ps7_init.tcl' is done.
21:55:46 INFO  : Context for 'APU' is selected.
21:55:46 INFO  : Hardware design information is loaded from '/home/jfonda/Documents/EE324/LED_PWM/LED_PWM.sdk/system_wrapper_hw_platform_0/system.hdf'.
21:55:46 INFO  : 'configparams force-mem-access 1' command is executed.
21:55:46 INFO  : Context for 'APU' is selected.
21:55:46 INFO  : 'stop' command is executed.
21:55:52 INFO  : 'ps7_init' command is executed.
21:55:52 INFO  : 'ps7_post_config' command is executed.
21:55:52 INFO  : Context for processor 'ps7_cortexa9_0' is selected.
21:55:52 INFO  : Processor reset is completed for 'ps7_cortexa9_0'.
21:55:52 INFO  : Context for processor 'ps7_cortexa9_0' is selected.
21:55:53 INFO  : The application '/home/jfonda/Documents/EE324/LED_PWM/LED_PWM.sdk/led_pwm/Debug/led_pwm.elf' is downloaded to processor 'ps7_cortexa9_0'.
21:55:53 INFO  : 'configparams force-mem-access 0' command is executed.
21:55:53 INFO  : ----------------XSDB Script----------------
connect -url tcp:127.0.0.1:3121
source /home/jfonda/Documents/EE324/LED_PWM/LED_PWM.sdk/system_wrapper_hw_platform_0/ps7_init.tcl
targets -set -nocase -filter {name =~"APU*" && jtag_cable_name =~ "Digilent Zybo 210279A42703A"} -index 0
loadhw -hw /home/jfonda/Documents/EE324/LED_PWM/LED_PWM.sdk/system_wrapper_hw_platform_0/system.hdf -mem-ranges [list {0x40000000 0xbfffffff}]
configparams force-mem-access 1
targets -set -nocase -filter {name =~"APU*" && jtag_cable_name =~ "Digilent Zybo 210279A42703A"} -index 0
stop
ps7_init
ps7_post_config
targets -set -nocase -filter {name =~ "ARM*#0" && jtag_cable_name =~ "Digilent Zybo 210279A42703A"} -index 0
rst -processor
targets -set -nocase -filter {name =~ "ARM*#0" && jtag_cable_name =~ "Digilent Zybo 210279A42703A"} -index 0
dow /home/jfonda/Documents/EE324/LED_PWM/LED_PWM.sdk/led_pwm/Debug/led_pwm.elf
configparams force-mem-access 0
----------------End of Script----------------

21:55:53 INFO  : Memory regions updated for context APU
21:55:53 INFO  : Context for processor 'ps7_cortexa9_0' is selected.
21:55:53 INFO  : 'con' command is executed.
21:55:53 INFO  : ----------------XSDB Script (After Launch)----------------
targets -set -nocase -filter {name =~ "ARM*#0" && jtag_cable_name =~ "Digilent Zybo 210279A42703A"} -index 0
con
----------------End of Script----------------

21:55:53 INFO  : Launch script is exported to file '/home/jfonda/Documents/EE324/LED_PWM/LED_PWM.sdk/.sdk/launch_scripts/xilinx_c-c++_application_(system_debugger)/system_debugger_using_debug_led_pwm.elf_on_local.tcl'
21:56:08 INFO  : Disconnected from the channel tcfchan#1.
21:56:27 INFO  : Registering command handlers for SDK TCF services
21:56:27 INFO  : Launching XSCT server: xsct -n -interactive /home/jfonda/Documents/EE324/LED_PWM/LED_PWM.sdk/temp_xsdb_launch_script.tcl
21:56:28 INFO  : XSCT server has started successfully.
21:56:29 INFO  : Successfully done setting XSCT server connection channel  
21:56:29 INFO  : Successfully done setting SDK workspace  
21:56:29 INFO  : Processing command line option -hwspec /home/jfonda/Documents/EE324/LED_PWM/LED_PWM.sdk/system_wrapper.hdf.
21:56:29 INFO  : Checking for hwspec changes in the project system_wrapper_hw_platform_1.
21:56:35 INFO  : 'targets -set -filter {jtag_cable_name =~ "Digilent Zybo 210279A42703A" && level==0} -index 1' command is executed.
21:56:35 INFO  : 'fpga -state' command is executed.
21:56:35 INFO  : Connected to target on host '127.0.0.1' and port '3121'.
21:56:35 INFO  : Jtag cable 'Digilent Zybo 210279A42703A' is selected.
21:56:35 INFO  : 'jtag frequency' command is executed.
21:56:35 INFO  : Sourcing of '/home/jfonda/Documents/EE324/LED_PWM/LED_PWM.sdk/system_wrapper_hw_platform_0/ps7_init.tcl' is done.
21:56:35 INFO  : Context for 'APU' is selected.
21:56:35 INFO  : Hardware design information is loaded from '/home/jfonda/Documents/EE324/LED_PWM/LED_PWM.sdk/system_wrapper_hw_platform_0/system.hdf'.
21:56:35 INFO  : 'configparams force-mem-access 1' command is executed.
21:56:35 INFO  : Context for 'APU' is selected.
21:56:35 INFO  : 'stop' command is executed.
21:56:41 INFO  : 'ps7_init' command is executed.
21:56:41 INFO  : 'ps7_post_config' command is executed.
21:56:41 INFO  : Context for processor 'ps7_cortexa9_0' is selected.
21:56:41 INFO  : Processor reset is completed for 'ps7_cortexa9_0'.
21:56:41 INFO  : Context for processor 'ps7_cortexa9_0' is selected.
21:56:42 INFO  : The application '/home/jfonda/Documents/EE324/LED_PWM/LED_PWM.sdk/led_pwm/Debug/led_pwm.elf' is downloaded to processor 'ps7_cortexa9_0'.
21:56:42 INFO  : 'configparams force-mem-access 0' command is executed.
21:56:42 INFO  : ----------------XSDB Script----------------
connect -url tcp:127.0.0.1:3121
source /home/jfonda/Documents/EE324/LED_PWM/LED_PWM.sdk/system_wrapper_hw_platform_0/ps7_init.tcl
targets -set -nocase -filter {name =~"APU*" && jtag_cable_name =~ "Digilent Zybo 210279A42703A"} -index 0
loadhw -hw /home/jfonda/Documents/EE324/LED_PWM/LED_PWM.sdk/system_wrapper_hw_platform_0/system.hdf -mem-ranges [list {0x40000000 0xbfffffff}]
configparams force-mem-access 1
targets -set -nocase -filter {name =~"APU*" && jtag_cable_name =~ "Digilent Zybo 210279A42703A"} -index 0
stop
ps7_init
ps7_post_config
targets -set -nocase -filter {name =~ "ARM*#0" && jtag_cable_name =~ "Digilent Zybo 210279A42703A"} -index 0
rst -processor
targets -set -nocase -filter {name =~ "ARM*#0" && jtag_cable_name =~ "Digilent Zybo 210279A42703A"} -index 0
dow /home/jfonda/Documents/EE324/LED_PWM/LED_PWM.sdk/led_pwm/Debug/led_pwm.elf
configparams force-mem-access 0
----------------End of Script----------------

21:56:42 INFO  : Memory regions updated for context APU
21:56:42 INFO  : Context for processor 'ps7_cortexa9_0' is selected.
21:56:42 INFO  : 'con' command is executed.
21:56:42 INFO  : ----------------XSDB Script (After Launch)----------------
targets -set -nocase -filter {name =~ "ARM*#0" && jtag_cable_name =~ "Digilent Zybo 210279A42703A"} -index 0
con
----------------End of Script----------------

21:56:42 INFO  : Launch script is exported to file '/home/jfonda/Documents/EE324/LED_PWM/LED_PWM.sdk/.sdk/launch_scripts/xilinx_c-c++_application_(system_debugger)/system_debugger_using_debug_led_pwm.elf_on_local.tcl'
21:57:16 INFO  : Disconnected from the channel tcfchan#1.
21:58:04 INFO  : 'targets -set -filter {jtag_cable_name =~ "Digilent Zybo 210279A42703A" && level==0} -index 1' command is executed.
21:58:04 INFO  : 'fpga -state' command is executed.
21:58:04 INFO  : Connected to target on host '127.0.0.1' and port '3121'.
21:58:04 INFO  : Jtag cable 'Digilent Zybo 210279A42703A' is selected.
21:58:04 INFO  : 'jtag frequency' command is executed.
21:58:04 INFO  : Sourcing of '/home/jfonda/Documents/EE324/LED_PWM/LED_PWM.sdk/system_wrapper_hw_platform_0/ps7_init.tcl' is done.
21:58:04 INFO  : Context for 'APU' is selected.
21:58:05 INFO  : Hardware design information is loaded from '/home/jfonda/Documents/EE324/LED_PWM/LED_PWM.sdk/system_wrapper_hw_platform_0/system.hdf'.
21:58:05 INFO  : 'configparams force-mem-access 1' command is executed.
21:58:05 INFO  : Context for 'APU' is selected.
21:58:05 INFO  : 'stop' command is executed.
21:58:12 INFO  : 'ps7_init' command is executed.
21:58:12 INFO  : 'ps7_post_config' command is executed.
21:58:12 INFO  : Context for processor 'ps7_cortexa9_0' is selected.
21:58:12 INFO  : Processor reset is completed for 'ps7_cortexa9_0'.
21:58:12 INFO  : Context for processor 'ps7_cortexa9_0' is selected.
21:58:12 INFO  : The application '/home/jfonda/Documents/EE324/LED_PWM/LED_PWM.sdk/led_pwm/Debug/led_pwm.elf' is downloaded to processor 'ps7_cortexa9_0'.
21:58:12 INFO  : 'configparams force-mem-access 0' command is executed.
21:58:12 INFO  : ----------------XSDB Script----------------
connect -url tcp:127.0.0.1:3121
source /home/jfonda/Documents/EE324/LED_PWM/LED_PWM.sdk/system_wrapper_hw_platform_0/ps7_init.tcl
targets -set -nocase -filter {name =~"APU*" && jtag_cable_name =~ "Digilent Zybo 210279A42703A"} -index 0
loadhw -hw /home/jfonda/Documents/EE324/LED_PWM/LED_PWM.sdk/system_wrapper_hw_platform_0/system.hdf -mem-ranges [list {0x40000000 0xbfffffff}]
configparams force-mem-access 1
targets -set -nocase -filter {name =~"APU*" && jtag_cable_name =~ "Digilent Zybo 210279A42703A"} -index 0
stop
ps7_init
ps7_post_config
targets -set -nocase -filter {name =~ "ARM*#0" && jtag_cable_name =~ "Digilent Zybo 210279A42703A"} -index 0
rst -processor
targets -set -nocase -filter {name =~ "ARM*#0" && jtag_cable_name =~ "Digilent Zybo 210279A42703A"} -index 0
dow /home/jfonda/Documents/EE324/LED_PWM/LED_PWM.sdk/led_pwm/Debug/led_pwm.elf
configparams force-mem-access 0
----------------End of Script----------------

21:58:12 INFO  : Memory regions updated for context APU
21:58:13 INFO  : Context for processor 'ps7_cortexa9_0' is selected.
21:58:13 INFO  : 'con' command is executed.
21:58:13 INFO  : ----------------XSDB Script (After Launch)----------------
targets -set -nocase -filter {name =~ "ARM*#0" && jtag_cable_name =~ "Digilent Zybo 210279A42703A"} -index 0
con
----------------End of Script----------------

21:58:13 INFO  : Launch script is exported to file '/home/jfonda/Documents/EE324/LED_PWM/LED_PWM.sdk/.sdk/launch_scripts/xilinx_c-c++_application_(system_debugger)/system_debugger_using_debug_led_pwm.elf_on_local.tcl'
21:58:39 INFO  : Disconnected from the channel tcfchan#2.
21:58:55 INFO  : Registering command handlers for SDK TCF services
21:58:56 INFO  : Launching XSCT server: xsct -n -interactive /home/jfonda/Documents/EE324/LED_PWM/LED_PWM.sdk/temp_xsdb_launch_script.tcl
21:58:57 INFO  : XSCT server has started successfully.
21:58:57 INFO  : Successfully done setting XSCT server connection channel  
21:58:57 INFO  : Successfully done setting SDK workspace  
21:58:57 INFO  : Processing command line option -hwspec /home/jfonda/Documents/EE324/LED_PWM/LED_PWM.sdk/system_wrapper.hdf.
21:58:57 INFO  : Checking for hwspec changes in the project system_wrapper_hw_platform_1.
21:59:09 INFO  : 'targets -set -filter {jtag_cable_name =~ "Digilent Zybo 210279A42703A" && level==0} -index 1' command is executed.
21:59:09 INFO  : 'fpga -state' command is executed.
21:59:09 INFO  : Connected to target on host '127.0.0.1' and port '3121'.
21:59:09 INFO  : Jtag cable 'Digilent Zybo 210279A42703A' is selected.
21:59:09 INFO  : 'jtag frequency' command is executed.
21:59:09 INFO  : Sourcing of '/home/jfonda/Documents/EE324/LED_PWM/LED_PWM.sdk/system_wrapper_hw_platform_0/ps7_init.tcl' is done.
21:59:09 INFO  : Context for 'APU' is selected.
21:59:09 INFO  : Hardware design information is loaded from '/home/jfonda/Documents/EE324/LED_PWM/LED_PWM.sdk/system_wrapper_hw_platform_0/system.hdf'.
21:59:09 INFO  : 'configparams force-mem-access 1' command is executed.
21:59:09 INFO  : Context for 'APU' is selected.
21:59:09 INFO  : 'stop' command is executed.
21:59:14 INFO  : 'ps7_init' command is executed.
21:59:14 INFO  : 'ps7_post_config' command is executed.
21:59:14 INFO  : Context for processor 'ps7_cortexa9_0' is selected.
21:59:14 INFO  : Processor reset is completed for 'ps7_cortexa9_0'.
21:59:14 INFO  : Context for processor 'ps7_cortexa9_0' is selected.
21:59:15 INFO  : The application '/home/jfonda/Documents/EE324/LED_PWM/LED_PWM.sdk/led_pwm/Debug/led_pwm.elf' is downloaded to processor 'ps7_cortexa9_0'.
21:59:15 INFO  : 'configparams force-mem-access 0' command is executed.
21:59:15 INFO  : ----------------XSDB Script----------------
connect -url tcp:127.0.0.1:3121
source /home/jfonda/Documents/EE324/LED_PWM/LED_PWM.sdk/system_wrapper_hw_platform_0/ps7_init.tcl
targets -set -nocase -filter {name =~"APU*" && jtag_cable_name =~ "Digilent Zybo 210279A42703A"} -index 0
loadhw -hw /home/jfonda/Documents/EE324/LED_PWM/LED_PWM.sdk/system_wrapper_hw_platform_0/system.hdf -mem-ranges [list {0x40000000 0xbfffffff}]
configparams force-mem-access 1
targets -set -nocase -filter {name =~"APU*" && jtag_cable_name =~ "Digilent Zybo 210279A42703A"} -index 0
stop
ps7_init
ps7_post_config
targets -set -nocase -filter {name =~ "ARM*#0" && jtag_cable_name =~ "Digilent Zybo 210279A42703A"} -index 0
rst -processor
targets -set -nocase -filter {name =~ "ARM*#0" && jtag_cable_name =~ "Digilent Zybo 210279A42703A"} -index 0
dow /home/jfonda/Documents/EE324/LED_PWM/LED_PWM.sdk/led_pwm/Debug/led_pwm.elf
configparams force-mem-access 0
----------------End of Script----------------

21:59:15 INFO  : Memory regions updated for context APU
21:59:15 INFO  : Context for processor 'ps7_cortexa9_0' is selected.
21:59:15 INFO  : 'con' command is executed.
21:59:15 INFO  : ----------------XSDB Script (After Launch)----------------
targets -set -nocase -filter {name =~ "ARM*#0" && jtag_cable_name =~ "Digilent Zybo 210279A42703A"} -index 0
con
----------------End of Script----------------

21:59:15 INFO  : Launch script is exported to file '/home/jfonda/Documents/EE324/LED_PWM/LED_PWM.sdk/.sdk/launch_scripts/xilinx_c-c++_application_(system_debugger)/system_debugger_using_debug_led_pwm.elf_on_local.tcl'
21:59:46 INFO  : Connected to target on host '127.0.0.1' and port '3121'.
21:59:46 INFO  : 'targets -set -filter {jtag_cable_name =~ "Digilent Zybo 210279A42703A" && level==0} -index 1' command is executed.
21:59:48 INFO  : FPGA configured successfully with bitstream "/home/jfonda/Documents/EE324/LED_PWM/LED_PWM.sdk/system_wrapper_hw_platform_0/system_wrapper.bit"
22:00:01 INFO  : Disconnected from the channel tcfchan#1.
22:00:02 INFO  : 'targets -set -filter {jtag_cable_name =~ "Digilent Zybo 210279A42703A" && level==0} -index 1' command is executed.
22:00:02 INFO  : 'fpga -state' command is executed.
22:00:02 INFO  : Connected to target on host '127.0.0.1' and port '3121'.
22:00:03 INFO  : Jtag cable 'Digilent Zybo 210279A42703A' is selected.
22:00:03 INFO  : 'jtag frequency' command is executed.
22:00:03 INFO  : Sourcing of '/home/jfonda/Documents/EE324/LED_PWM/LED_PWM.sdk/system_wrapper_hw_platform_0/ps7_init.tcl' is done.
22:00:03 INFO  : Context for 'APU' is selected.
22:00:04 INFO  : Hardware design information is loaded from '/home/jfonda/Documents/EE324/LED_PWM/LED_PWM.sdk/system_wrapper_hw_platform_0/system.hdf'.
22:00:04 INFO  : 'configparams force-mem-access 1' command is executed.
22:00:04 INFO  : Context for 'APU' is selected.
22:00:04 INFO  : 'stop' command is executed.
22:00:11 INFO  : 'ps7_init' command is executed.
22:00:11 INFO  : 'ps7_post_config' command is executed.
22:00:11 INFO  : Context for processor 'ps7_cortexa9_0' is selected.
22:00:11 INFO  : Processor reset is completed for 'ps7_cortexa9_0'.
22:00:11 INFO  : Context for processor 'ps7_cortexa9_0' is selected.
22:00:11 INFO  : The application '/home/jfonda/Documents/EE324/LED_PWM/LED_PWM.sdk/led_pwm/Debug/led_pwm.elf' is downloaded to processor 'ps7_cortexa9_0'.
22:00:11 INFO  : 'configparams force-mem-access 0' command is executed.
22:00:11 INFO  : ----------------XSDB Script----------------
connect -url tcp:127.0.0.1:3121
source /home/jfonda/Documents/EE324/LED_PWM/LED_PWM.sdk/system_wrapper_hw_platform_0/ps7_init.tcl
targets -set -nocase -filter {name =~"APU*" && jtag_cable_name =~ "Digilent Zybo 210279A42703A"} -index 0
loadhw -hw /home/jfonda/Documents/EE324/LED_PWM/LED_PWM.sdk/system_wrapper_hw_platform_0/system.hdf -mem-ranges [list {0x40000000 0xbfffffff}]
configparams force-mem-access 1
targets -set -nocase -filter {name =~"APU*" && jtag_cable_name =~ "Digilent Zybo 210279A42703A"} -index 0
stop
ps7_init
ps7_post_config
targets -set -nocase -filter {name =~ "ARM*#0" && jtag_cable_name =~ "Digilent Zybo 210279A42703A"} -index 0
rst -processor
targets -set -nocase -filter {name =~ "ARM*#0" && jtag_cable_name =~ "Digilent Zybo 210279A42703A"} -index 0
dow /home/jfonda/Documents/EE324/LED_PWM/LED_PWM.sdk/led_pwm/Debug/led_pwm.elf
configparams force-mem-access 0
----------------End of Script----------------

22:00:12 INFO  : Memory regions updated for context APU
22:00:12 INFO  : Context for processor 'ps7_cortexa9_0' is selected.
22:00:12 INFO  : 'con' command is executed.
22:00:12 INFO  : ----------------XSDB Script (After Launch)----------------
targets -set -nocase -filter {name =~ "ARM*#0" && jtag_cable_name =~ "Digilent Zybo 210279A42703A"} -index 0
con
----------------End of Script----------------

22:00:12 INFO  : Launch script is exported to file '/home/jfonda/Documents/EE324/LED_PWM/LED_PWM.sdk/.sdk/launch_scripts/xilinx_c-c++_application_(system_debugger)/system_debugger_using_debug_led_pwm.elf_on_local.tcl'
22:02:19 INFO  : Connected to target on host '127.0.0.1' and port '3121'.
22:02:19 INFO  : 'targets -set -filter {jtag_cable_name =~ "Digilent Zybo 210279A42703A" && level==0} -index 1' command is executed.
22:02:20 INFO  : FPGA configured successfully with bitstream "/home/jfonda/Documents/EE324/LED_PWM/LED_PWM.sdk/system_wrapper_hw_platform_0/system_wrapper.bit"
22:09:29 INFO  : Connected to target on host '127.0.0.1' and port '3121'.
22:09:29 INFO  : 'targets -set -filter {jtag_cable_name =~ "Digilent Zybo 210279A42703A" && level==0} -index 1' command is executed.
22:09:31 INFO  : FPGA configured successfully with bitstream "/home/jfonda/Documents/EE324/LED_PWM/LED_PWM.sdk/system_wrapper_hw_platform_0/system_wrapper.bit"
22:09:40 INFO  : Disconnected from the channel tcfchan#2.
22:09:41 INFO  : 'targets -set -filter {jtag_cable_name =~ "Digilent Zybo 210279A42703A" && level==0} -index 1' command is executed.
22:09:41 INFO  : 'fpga -state' command is executed.
22:09:41 INFO  : Connected to target on host '127.0.0.1' and port '3121'.
22:09:42 INFO  : Jtag cable 'Digilent Zybo 210279A42703A' is selected.
22:09:42 INFO  : 'jtag frequency' command is executed.
22:09:42 INFO  : Sourcing of '/home/jfonda/Documents/EE324/LED_PWM/LED_PWM.sdk/system_wrapper_hw_platform_0/ps7_init.tcl' is done.
22:09:42 INFO  : Context for 'APU' is selected.
22:09:42 INFO  : Hardware design information is loaded from '/home/jfonda/Documents/EE324/LED_PWM/LED_PWM.sdk/system_wrapper_hw_platform_0/system.hdf'.
22:09:42 INFO  : 'configparams force-mem-access 1' command is executed.
22:09:42 INFO  : Context for 'APU' is selected.
22:09:42 INFO  : 'stop' command is executed.
22:09:49 INFO  : 'ps7_init' command is executed.
22:09:49 INFO  : 'ps7_post_config' command is executed.
22:09:49 INFO  : Context for processor 'ps7_cortexa9_0' is selected.
22:09:49 INFO  : Processor reset is completed for 'ps7_cortexa9_0'.
22:09:49 INFO  : Context for processor 'ps7_cortexa9_0' is selected.
22:09:49 INFO  : The application '/home/jfonda/Documents/EE324/LED_PWM/LED_PWM.sdk/led_pwm/Debug/led_pwm.elf' is downloaded to processor 'ps7_cortexa9_0'.
22:09:49 INFO  : 'configparams force-mem-access 0' command is executed.
22:09:49 INFO  : ----------------XSDB Script----------------
connect -url tcp:127.0.0.1:3121
source /home/jfonda/Documents/EE324/LED_PWM/LED_PWM.sdk/system_wrapper_hw_platform_0/ps7_init.tcl
targets -set -nocase -filter {name =~"APU*" && jtag_cable_name =~ "Digilent Zybo 210279A42703A"} -index 0
loadhw -hw /home/jfonda/Documents/EE324/LED_PWM/LED_PWM.sdk/system_wrapper_hw_platform_0/system.hdf -mem-ranges [list {0x40000000 0xbfffffff}]
configparams force-mem-access 1
targets -set -nocase -filter {name =~"APU*" && jtag_cable_name =~ "Digilent Zybo 210279A42703A"} -index 0
stop
ps7_init
ps7_post_config
targets -set -nocase -filter {name =~ "ARM*#0" && jtag_cable_name =~ "Digilent Zybo 210279A42703A"} -index 0
rst -processor
targets -set -nocase -filter {name =~ "ARM*#0" && jtag_cable_name =~ "Digilent Zybo 210279A42703A"} -index 0
dow /home/jfonda/Documents/EE324/LED_PWM/LED_PWM.sdk/led_pwm/Debug/led_pwm.elf
configparams force-mem-access 0
----------------End of Script----------------

22:09:49 INFO  : Memory regions updated for context APU
22:09:50 INFO  : Context for processor 'ps7_cortexa9_0' is selected.
22:09:50 INFO  : 'con' command is executed.
22:09:50 INFO  : ----------------XSDB Script (After Launch)----------------
targets -set -nocase -filter {name =~ "ARM*#0" && jtag_cable_name =~ "Digilent Zybo 210279A42703A"} -index 0
con
----------------End of Script----------------

22:09:50 INFO  : Launch script is exported to file '/home/jfonda/Documents/EE324/LED_PWM/LED_PWM.sdk/.sdk/launch_scripts/xilinx_c-c++_application_(system_debugger)/system_debugger_using_debug_led_pwm.elf_on_local.tcl'
22:11:43 INFO  : Disconnected from the channel tcfchan#3.
12:02:01 INFO  : Registering command handlers for SDK TCF services
12:02:02 INFO  : Launching XSCT server: xsct -n -interactive /home/jfonda/Documents/EE324/LED_PWM/LED_PWM.sdk/temp_xsdb_launch_script.tcl
12:02:04 INFO  : XSCT server has started successfully.
12:02:04 INFO  : Successfully done setting XSCT server connection channel  
12:02:04 INFO  : Successfully done setting SDK workspace  
12:02:04 INFO  : Processing command line option -hwspec /home/jfonda/Documents/EE324/LED_PWM/LED_PWM.sdk/system_wrapper.hdf.
12:02:04 INFO  : Checking for hwspec changes in the project system_wrapper_hw_platform_1.
20:50:40 INFO  : Registering command handlers for SDK TCF services
20:50:41 INFO  : Launching XSCT server: xsct -n -interactive /home/jfonda/Documents/EE324/LED_PWM/LED_PWM.sdk/temp_xsdb_launch_script.tcl
20:50:43 INFO  : XSCT server has started successfully.
20:50:44 INFO  : Successfully done setting XSCT server connection channel  
20:50:44 INFO  : Successfully done setting SDK workspace  
20:50:44 INFO  : Processing command line option -hwspec /home/jfonda/Documents/EE324/LED_PWM/LED_PWM.sdk/system_wrapper.hdf.
20:50:44 INFO  : Checking for hwspec changes in the project system_wrapper_hw_platform_1.
