Copyright 1986-2017 Xilinx, Inc. All Rights Reserved.
------------------------------------------------------------------------------------
| Tool Version : Vivado v.2017.3 (lin64) Build 2018833 Wed Oct  4 19:58:07 MDT 2017
| Date         : Fri Dec  1 10:04:02 2017
| Host         : ubuntu running 64-bit Ubuntu 16.04.3 LTS
| Command      : upgrade_ip
| Device       : xc7z010clg400-1
------------------------------------------------------------------------------------

Upgrade Log for IP 'system_myVGA_0_1'

1. Summary
----------

SUCCESS in the conversion of system_myVGA_0_1 (user.org:user:myVGA:1.0 (Rev. 2)) to Vivado generation flows.






Copyright 1986-2017 Xilinx, Inc. All Rights Reserved.
------------------------------------------------------------------------------------
| Tool Version : Vivado v.2017.3 (lin64) Build 2018833 Wed Oct  4 19:58:07 MDT 2017
| Date         : Thu Nov 30 13:53:59 2017
| Host         : ubuntu running 64-bit Ubuntu 16.04.3 LTS
| Command      : upgrade_ip
| Device       : xc7z010clg400-1
------------------------------------------------------------------------------------

Upgrade Log for IP 'system_myVGA_0_1'

1. Summary
----------

SUCCESS in the conversion of system_myVGA_0_1 (user.org:user:myVGA:1.0 (Rev. 2)) to Vivado generation flows.






Copyright 1986-2017 Xilinx, Inc. All Rights Reserved.
------------------------------------------------------------------------------------
| Tool Version : Vivado v.2017.3 (lin64) Build 2018833 Wed Oct  4 19:58:07 MDT 2017
| Date         : Thu Nov 30 13:44:53 2017
| Host         : ubuntu running 64-bit Ubuntu 16.04.3 LTS
| Command      : upgrade_ip
| Device       : xc7z010clg400-1
------------------------------------------------------------------------------------

Upgrade Log for IP 'system_myVGA_0_1'

1. Summary
----------

SUCCESS in the conversion of system_myVGA_0_1 (user.org:user:myVGA:1.0 (Rev. 2)) to Vivado generation flows.






Copyright 1986-2017 Xilinx, Inc. All Rights Reserved.
------------------------------------------------------------------------------------
| Tool Version : Vivado v.2017.3 (lin64) Build 2018833 Wed Oct  4 19:58:07 MDT 2017
| Date         : Thu Nov 16 13:54:14 2017
| Host         : ubuntu running 64-bit Ubuntu 16.04.3 LTS
| Command      : upgrade_ip
| Device       : xc7z010clg400-1
------------------------------------------------------------------------------------

Upgrade Log for IP 'system_myVGA_0_0'

1. Summary
----------

CAUTION (success, with warnings) in the upgrade of system_myVGA_0_0 (user.org:user:myVGA:1.0) from (Rev. 1) to (Rev. 2)

After upgrade, an IP may have parameter and port differences compared to the original customization. Please review the parameters within the IP customization GUI to ensure proper functionality. Also, please review the updated IP instantiation template to ensure proper connectivity, and update your design if required.

2. Interface Information
------------------------

Detected external interface differences while upgrading 'system_myVGA_0_0'.


-Upgrade has added interface 'pix_clk' (xilinx.com:signal:clock:1.0)


3. Connection Warnings
----------------------

Detected external port differences while upgrading 'system_myVGA_0_0'. These changes may impact your design.


-Upgrade has added port 'HDMI_EN'

-Upgrade has added port 'HS'

-Upgrade has added port 'VS'

-Upgrade has added port 'pix_clk'

-Upgrade has added port 'vga_b'

-Upgrade has added port 'vga_g'

-Upgrade has added port 'vga_r'


