
*** Running vivado
    with args -log system_wrapper.vdi -applog -m64 -product Vivado -messageDb vivado.pb -mode batch -source system_wrapper.tcl -notrace


****** Vivado v2017.3 (64-bit)
  **** SW Build 2018833 on Wed Oct  4 19:58:07 MDT 2017
  **** IP Build 2016188 on Wed Oct  4 21:52:56 MDT 2017
    ** Copyright 1986-2017 Xilinx, Inc. All Rights Reserved.

source system_wrapper.tcl -notrace
INFO: [IP_Flow 19-234] Refreshing IP repositories
INFO: [IP_Flow 19-1700] Loaded user IP repository '/home/jfonda/Documents/EE324/Resources/IP_Repo/myPWM_1.0'.
INFO: [IP_Flow 19-2313] Loaded Vivado IP repository '/opt/Xilinx/Vivado/2017.3/data/ip'.
Command: link_design -top system_wrapper -part xc7z010clg400-1
Design is defaulting to srcset: sources_1
Design is defaulting to constrset: constrs_1
INFO: [Netlist 29-17] Analyzing 34 Unisim elements for replacement
INFO: [Netlist 29-28] Unisim Transformation completed in 0 CPU seconds
INFO: [Project 1-479] Netlist was created with Vivado 2017.3
INFO: [Device 21-403] Loading part xc7z010clg400-1
INFO: [Project 1-570] Preparing netlist for logic optimization
Parsing XDC File [/home/jfonda/Documents/EE324/LED_PWM/LED_PWM.srcs/sources_1/bd/system/ip/system_processing_system7_0_0/system_processing_system7_0_0.xdc] for cell 'system_i/processing_system7_0/inst'
Finished Parsing XDC File [/home/jfonda/Documents/EE324/LED_PWM/LED_PWM.srcs/sources_1/bd/system/ip/system_processing_system7_0_0/system_processing_system7_0_0.xdc] for cell 'system_i/processing_system7_0/inst'
Parsing XDC File [/home/jfonda/Documents/EE324/LED_PWM/LED_PWM.srcs/sources_1/bd/system/ip/system_rst_ps7_0_100M_0/system_rst_ps7_0_100M_0_board.xdc] for cell 'system_i/rst_ps7_0_100M/U0'
Finished Parsing XDC File [/home/jfonda/Documents/EE324/LED_PWM/LED_PWM.srcs/sources_1/bd/system/ip/system_rst_ps7_0_100M_0/system_rst_ps7_0_100M_0_board.xdc] for cell 'system_i/rst_ps7_0_100M/U0'
Parsing XDC File [/home/jfonda/Documents/EE324/LED_PWM/LED_PWM.srcs/sources_1/bd/system/ip/system_rst_ps7_0_100M_0/system_rst_ps7_0_100M_0.xdc] for cell 'system_i/rst_ps7_0_100M/U0'
Finished Parsing XDC File [/home/jfonda/Documents/EE324/LED_PWM/LED_PWM.srcs/sources_1/bd/system/ip/system_rst_ps7_0_100M_0/system_rst_ps7_0_100M_0.xdc] for cell 'system_i/rst_ps7_0_100M/U0'
Parsing XDC File [/home/jfonda/Documents/EE324/LED_PWM/LED_PWM.srcs/constrs_1/new/constraints.xdc]
Finished Parsing XDC File [/home/jfonda/Documents/EE324/LED_PWM/LED_PWM.srcs/constrs_1/new/constraints.xdc]
INFO: [Opt 31-138] Pushed 0 inverter(s) to 0 load pin(s).
INFO: [Project 1-111] Unisim Transformation Summary:
No Unisim elements were transformed.

10 Infos, 0 Warnings, 0 Critical Warnings and 0 Errors encountered.
link_design completed successfully
link_design: Time (s): cpu = 00:00:12 ; elapsed = 00:00:23 . Memory (MB): peak = 1483.559 ; gain = 314.176 ; free physical = 1837 ; free virtual = 7888
Command: opt_design
Attempting to get a license for feature 'Implementation' and/or device 'xc7z010'
INFO: [Common 17-349] Got license for feature 'Implementation' and/or device 'xc7z010'
Running DRC as a precondition to command opt_design

Starting DRC Task
INFO: [DRC 23-27] Running DRC with 4 threads
INFO: [Project 1-461] DRC finished with 0 Errors
INFO: [Project 1-462] Please refer to the DRC report (report_drc) for more information.

Time (s): cpu = 00:00:01 ; elapsed = 00:00:00.93 . Memory (MB): peak = 1524.570 ; gain = 41.012 ; free physical = 1831 ; free virtual = 7882
INFO: [Timing 38-35] Done setting XDC timing constraints.

Starting Logic Optimization Task

Phase 1 Retarget
INFO: [Opt 31-138] Pushed 0 inverter(s) to 0 load pin(s).
INFO: [Opt 31-49] Retargeted 0 cell(s).
Phase 1 Retarget | Checksum: c4f15418

Time (s): cpu = 00:00:00.14 ; elapsed = 00:00:00.13 . Memory (MB): peak = 1958.062 ; gain = 0.000 ; free physical = 1462 ; free virtual = 7513
INFO: [Opt 31-389] Phase Retarget created 4 cells and removed 32 cells

Phase 2 Constant propagation
INFO: [Opt 31-138] Pushed 0 inverter(s) to 0 load pin(s).
Phase 2 Constant propagation | Checksum: 14f8ffb89

Time (s): cpu = 00:00:00.17 ; elapsed = 00:00:00.16 . Memory (MB): peak = 1958.062 ; gain = 0.000 ; free physical = 1462 ; free virtual = 7513
INFO: [Opt 31-389] Phase Constant propagation created 0 cells and removed 8 cells

Phase 3 Sweep
Phase 3 Sweep | Checksum: 11d617ffa

Time (s): cpu = 00:00:00.41 ; elapsed = 00:00:00.40 . Memory (MB): peak = 1958.062 ; gain = 0.000 ; free physical = 1462 ; free virtual = 7513
INFO: [Opt 31-389] Phase Sweep created 0 cells and removed 325 cells

Phase 4 BUFG optimization
Phase 4 BUFG optimization | Checksum: 11d617ffa

Time (s): cpu = 00:00:00.45 ; elapsed = 00:00:00.44 . Memory (MB): peak = 1958.062 ; gain = 0.000 ; free physical = 1462 ; free virtual = 7513
INFO: [Opt 31-389] Phase BUFG optimization created 0 cells and removed 0 cells

Phase 5 Shift Register Optimization
Phase 5 Shift Register Optimization | Checksum: 11d617ffa

Time (s): cpu = 00:00:00.53 ; elapsed = 00:00:00.52 . Memory (MB): peak = 1958.062 ; gain = 0.000 ; free physical = 1462 ; free virtual = 7513
INFO: [Opt 31-389] Phase Shift Register Optimization created 0 cells and removed 0 cells

Starting Connectivity Check Task

Time (s): cpu = 00:00:00 ; elapsed = 00:00:00 . Memory (MB): peak = 1958.062 ; gain = 0.000 ; free physical = 1462 ; free virtual = 7513
Ending Logic Optimization Task | Checksum: c8d48053

Time (s): cpu = 00:00:00.66 ; elapsed = 00:00:00.65 . Memory (MB): peak = 1958.062 ; gain = 0.000 ; free physical = 1462 ; free virtual = 7513

Starting Power Optimization Task
INFO: [Pwropt 34-132] Skipping clock gating for clocks with a period < 2.00 ns.
Ending Power Optimization Task | Checksum: c835650a

Time (s): cpu = 00:00:00.03 ; elapsed = 00:00:00.03 . Memory (MB): peak = 1958.062 ; gain = 0.000 ; free physical = 1462 ; free virtual = 7513
INFO: [Common 17-83] Releasing license: Implementation
25 Infos, 0 Warnings, 0 Critical Warnings and 0 Errors encountered.
opt_design completed successfully
opt_design: Time (s): cpu = 00:00:12 ; elapsed = 00:00:20 . Memory (MB): peak = 1958.062 ; gain = 474.504 ; free physical = 1462 ; free virtual = 7513
Writing placer database...
Writing XDEF routing.
Writing XDEF routing logical nets.
Writing XDEF routing special nets.
Write XDEF Complete: Time (s): cpu = 00:00:00.06 ; elapsed = 00:00:00.02 . Memory (MB): peak = 1982.074 ; gain = 0.000 ; free physical = 1457 ; free virtual = 7511
INFO: [Common 17-1381] The checkpoint '/home/jfonda/Documents/EE324/LED_PWM/LED_PWM.runs/impl_1/system_wrapper_opt.dcp' has been generated.
INFO: [runtcl-4] Executing : report_drc -file system_wrapper_drc_opted.rpt -pb system_wrapper_drc_opted.pb -rpx system_wrapper_drc_opted.rpx
Command: report_drc -file system_wrapper_drc_opted.rpt -pb system_wrapper_drc_opted.pb -rpx system_wrapper_drc_opted.rpx
INFO: [DRC 23-27] Running DRC with 4 threads
INFO: [Coretcl 2-168] The results of DRC are in file /home/jfonda/Documents/EE324/LED_PWM/LED_PWM.runs/impl_1/system_wrapper_drc_opted.rpt.
report_drc completed successfully
INFO: [Chipscope 16-241] No debug cores found in the current design.
Before running the implement_debug_core command, either use the Set Up Debug wizard (GUI mode)
or use the create_debug_core and connect_debug_core Tcl commands to insert debug cores into the design.
Command: place_design
Attempting to get a license for feature 'Implementation' and/or device 'xc7z010'
INFO: [Common 17-349] Got license for feature 'Implementation' and/or device 'xc7z010'
INFO: [DRC 23-27] Running DRC with 4 threads
INFO: [Vivado_Tcl 4-198] DRC finished with 0 Errors
INFO: [Vivado_Tcl 4-199] Please refer to the DRC report (report_drc) for more information.
Running DRC as a precondition to command place_design
INFO: [DRC 23-27] Running DRC with 4 threads
INFO: [Vivado_Tcl 4-198] DRC finished with 0 Errors
INFO: [Vivado_Tcl 4-199] Please refer to the DRC report (report_drc) for more information.

Starting Placer Task
INFO: [Place 30-611] Multithreading enabled for place_design using a maximum of 4 CPUs

Phase 1 Placer Initialization

Phase 1.1 Placer Initialization Netlist Sorting
Netlist sorting complete. Time (s): cpu = 00:00:00 ; elapsed = 00:00:00.01 . Memory (MB): peak = 1990.078 ; gain = 0.000 ; free physical = 1447 ; free virtual = 7500
Phase 1.1 Placer Initialization Netlist Sorting | Checksum: acad6972

Time (s): cpu = 00:00:00.03 ; elapsed = 00:00:00.02 . Memory (MB): peak = 1990.078 ; gain = 0.000 ; free physical = 1447 ; free virtual = 7500
INFO: [Timing 38-35] Done setting XDC timing constraints.
INFO: [Opt 31-138] Pushed 0 inverter(s) to 0 load pin(s).
Netlist sorting complete. Time (s): cpu = 00:00:00 ; elapsed = 00:00:00 . Memory (MB): peak = 1990.078 ; gain = 0.000 ; free physical = 1449 ; free virtual = 7501

Phase 1.2 IO Placement/ Clock Placement/ Build Placer Device
INFO: [Timing 38-35] Done setting XDC timing constraints.
Phase 1.2 IO Placement/ Clock Placement/ Build Placer Device | Checksum: fb9bb579

Time (s): cpu = 00:00:01 ; elapsed = 00:00:01 . Memory (MB): peak = 1990.078 ; gain = 0.000 ; free physical = 1448 ; free virtual = 7500

Phase 1.3 Build Placer Netlist Model
Phase 1.3 Build Placer Netlist Model | Checksum: 2540f7aca

Time (s): cpu = 00:00:02 ; elapsed = 00:00:01 . Memory (MB): peak = 1993.090 ; gain = 3.012 ; free physical = 1444 ; free virtual = 7496

Phase 1.4 Constrain Clocks/Macros
Phase 1.4 Constrain Clocks/Macros | Checksum: 2540f7aca

Time (s): cpu = 00:00:02 ; elapsed = 00:00:01 . Memory (MB): peak = 1993.090 ; gain = 3.012 ; free physical = 1444 ; free virtual = 7496
Phase 1 Placer Initialization | Checksum: 2540f7aca

Time (s): cpu = 00:00:02 ; elapsed = 00:00:01 . Memory (MB): peak = 1993.090 ; gain = 3.012 ; free physical = 1444 ; free virtual = 7496

Phase 2 Global Placement
Phase 2 Global Placement | Checksum: 1eb4a6e0b

Time (s): cpu = 00:00:04 ; elapsed = 00:00:02 . Memory (MB): peak = 2017.102 ; gain = 27.023 ; free physical = 1439 ; free virtual = 7491

Phase 3 Detail Placement

Phase 3.1 Commit Multi Column Macros
Phase 3.1 Commit Multi Column Macros | Checksum: 1eb4a6e0b

Time (s): cpu = 00:00:04 ; elapsed = 00:00:02 . Memory (MB): peak = 2017.102 ; gain = 27.023 ; free physical = 1439 ; free virtual = 7491

Phase 3.2 Commit Most Macros & LUTRAMs
Phase 3.2 Commit Most Macros & LUTRAMs | Checksum: 1837972d7

Time (s): cpu = 00:00:04 ; elapsed = 00:00:03 . Memory (MB): peak = 2017.102 ; gain = 27.023 ; free physical = 1439 ; free virtual = 7491

Phase 3.3 Area Swap Optimization
Phase 3.3 Area Swap Optimization | Checksum: 157e720a7

Time (s): cpu = 00:00:04 ; elapsed = 00:00:03 . Memory (MB): peak = 2017.102 ; gain = 27.023 ; free physical = 1439 ; free virtual = 7491

Phase 3.4 Pipeline Register Optimization
Phase 3.4 Pipeline Register Optimization | Checksum: 157e720a7

Time (s): cpu = 00:00:04 ; elapsed = 00:00:03 . Memory (MB): peak = 2017.102 ; gain = 27.023 ; free physical = 1439 ; free virtual = 7491

Phase 3.5 Small Shape Detail Placement
Phase 3.5 Small Shape Detail Placement | Checksum: 19a2016f2

Time (s): cpu = 00:00:04 ; elapsed = 00:00:03 . Memory (MB): peak = 2017.102 ; gain = 27.023 ; free physical = 1438 ; free virtual = 7490

Phase 3.6 Re-assign LUT pins
Phase 3.6 Re-assign LUT pins | Checksum: 127a78e4a

Time (s): cpu = 00:00:04 ; elapsed = 00:00:03 . Memory (MB): peak = 2017.102 ; gain = 27.023 ; free physical = 1438 ; free virtual = 7490

Phase 3.7 Pipeline Register Optimization
Phase 3.7 Pipeline Register Optimization | Checksum: 127a78e4a

Time (s): cpu = 00:00:04 ; elapsed = 00:00:03 . Memory (MB): peak = 2017.102 ; gain = 27.023 ; free physical = 1438 ; free virtual = 7490
Phase 3 Detail Placement | Checksum: 127a78e4a

Time (s): cpu = 00:00:04 ; elapsed = 00:00:03 . Memory (MB): peak = 2017.102 ; gain = 27.023 ; free physical = 1438 ; free virtual = 7490

Phase 4 Post Placement Optimization and Clean-Up

Phase 4.1 Post Commit Optimization
INFO: [Timing 38-35] Done setting XDC timing constraints.

Phase 4.1.1 Post Placement Optimization
Post Placement Optimization Initialization | Checksum: 127f93efa

Phase 4.1.1.1 BUFG Insertion
INFO: [Physopt 32-721] Multithreading enabled for phys_opt_design using a maximum of 4 CPUs
INFO: [Place 46-31] BUFG insertion identified 0 candidate nets, 0 success, 0 skipped for placement/routing, 0 skipped for timing, 0 skipped for netlist change reason.
Phase 4.1.1.1 BUFG Insertion | Checksum: 127f93efa

Time (s): cpu = 00:00:05 ; elapsed = 00:00:03 . Memory (MB): peak = 2017.102 ; gain = 27.023 ; free physical = 1438 ; free virtual = 7490
INFO: [Place 30-746] Post Placement Timing Summary WNS=3.544. For the most accurate timing information please run report_timing.
Phase 4.1.1 Post Placement Optimization | Checksum: 80cd7d5d

Time (s): cpu = 00:00:05 ; elapsed = 00:00:03 . Memory (MB): peak = 2017.102 ; gain = 27.023 ; free physical = 1438 ; free virtual = 7490
Phase 4.1 Post Commit Optimization | Checksum: 80cd7d5d

Time (s): cpu = 00:00:05 ; elapsed = 00:00:03 . Memory (MB): peak = 2017.102 ; gain = 27.023 ; free physical = 1438 ; free virtual = 7490

Phase 4.2 Post Placement Cleanup
Phase 4.2 Post Placement Cleanup | Checksum: 80cd7d5d

Time (s): cpu = 00:00:05 ; elapsed = 00:00:03 . Memory (MB): peak = 2017.102 ; gain = 27.023 ; free physical = 1438 ; free virtual = 7490

Phase 4.3 Placer Reporting
Phase 4.3 Placer Reporting | Checksum: 80cd7d5d

Time (s): cpu = 00:00:05 ; elapsed = 00:00:03 . Memory (MB): peak = 2017.102 ; gain = 27.023 ; free physical = 1438 ; free virtual = 7490

Phase 4.4 Final Placement Cleanup
Phase 4.4 Final Placement Cleanup | Checksum: 11b3781c8

Time (s): cpu = 00:00:05 ; elapsed = 00:00:03 . Memory (MB): peak = 2017.102 ; gain = 27.023 ; free physical = 1438 ; free virtual = 7490
Phase 4 Post Placement Optimization and Clean-Up | Checksum: 11b3781c8

Time (s): cpu = 00:00:05 ; elapsed = 00:00:03 . Memory (MB): peak = 2017.102 ; gain = 27.023 ; free physical = 1438 ; free virtual = 7490
Ending Placer Task | Checksum: d8a9b58a

Time (s): cpu = 00:00:05 ; elapsed = 00:00:03 . Memory (MB): peak = 2017.102 ; gain = 27.023 ; free physical = 1440 ; free virtual = 7492
INFO: [Common 17-83] Releasing license: Implementation
46 Infos, 0 Warnings, 0 Critical Warnings and 0 Errors encountered.
place_design completed successfully
Writing placer database...
Writing XDEF routing.
Writing XDEF routing logical nets.
Writing XDEF routing special nets.
Write XDEF Complete: Time (s): cpu = 00:00:00.20 ; elapsed = 00:00:00.07 . Memory (MB): peak = 2017.102 ; gain = 0.000 ; free physical = 1434 ; free virtual = 7490
INFO: [Common 17-1381] The checkpoint '/home/jfonda/Documents/EE324/LED_PWM/LED_PWM.runs/impl_1/system_wrapper_placed.dcp' has been generated.
INFO: [runtcl-4] Executing : report_io -file system_wrapper_io_placed.rpt
report_io: Time (s): cpu = 00:00:00.09 ; elapsed = 00:00:00.13 . Memory (MB): peak = 2017.102 ; gain = 0.000 ; free physical = 1428 ; free virtual = 7481
INFO: [runtcl-4] Executing : report_utilization -file system_wrapper_utilization_placed.rpt -pb system_wrapper_utilization_placed.pb
report_utilization: Time (s): cpu = 00:00:00.06 ; elapsed = 00:00:00.10 . Memory (MB): peak = 2017.102 ; gain = 0.000 ; free physical = 1437 ; free virtual = 7490
INFO: [runtcl-4] Executing : report_control_sets -verbose -file system_wrapper_control_sets_placed.rpt
report_control_sets: Time (s): cpu = 00:00:00.04 ; elapsed = 00:00:00.08 . Memory (MB): peak = 2017.102 ; gain = 0.000 ; free physical = 1437 ; free virtual = 7490
Command: route_design
Attempting to get a license for feature 'Implementation' and/or device 'xc7z010'
INFO: [Common 17-349] Got license for feature 'Implementation' and/or device 'xc7z010'
Running DRC as a precondition to command route_design
INFO: [DRC 23-27] Running DRC with 4 threads
INFO: [Vivado_Tcl 4-198] DRC finished with 0 Errors
INFO: [Vivado_Tcl 4-199] Please refer to the DRC report (report_drc) for more information.


Starting Routing Task
INFO: [Route 35-254] Multithreading enabled for route_design using a maximum of 4 CPUs
Checksum: PlaceDB: 1f8e80df ConstDB: 0 ShapeSum: b91b34ab RouteDB: 0

Phase 1 Build RT Design
Phase 1 Build RT Design | Checksum: 95c28dbf

Time (s): cpu = 00:00:08 ; elapsed = 00:00:07 . Memory (MB): peak = 2069.094 ; gain = 51.992 ; free physical = 1353 ; free virtual = 7407
Post Restoration Checksum: NetGraph: 8eb8082b NumContArr: 70a8594 Constraints: 0 Timing: 0

Phase 2 Router Initialization

Phase 2.1 Create Timer
Phase 2.1 Create Timer | Checksum: 95c28dbf

Time (s): cpu = 00:00:08 ; elapsed = 00:00:07 . Memory (MB): peak = 2069.094 ; gain = 51.992 ; free physical = 1353 ; free virtual = 7407

Phase 2.2 Fix Topology Constraints
Phase 2.2 Fix Topology Constraints | Checksum: 95c28dbf

Time (s): cpu = 00:00:08 ; elapsed = 00:00:07 . Memory (MB): peak = 2069.094 ; gain = 51.992 ; free physical = 1339 ; free virtual = 7392

Phase 2.3 Pre Route Cleanup
Phase 2.3 Pre Route Cleanup | Checksum: 95c28dbf

Time (s): cpu = 00:00:08 ; elapsed = 00:00:07 . Memory (MB): peak = 2069.094 ; gain = 51.992 ; free physical = 1339 ; free virtual = 7392
 Number of Nodes with overlaps = 0

Phase 2.4 Update Timing
Phase 2.4 Update Timing | Checksum: 17bd8ec45

Time (s): cpu = 00:00:09 ; elapsed = 00:00:07 . Memory (MB): peak = 2078.094 ; gain = 60.992 ; free physical = 1333 ; free virtual = 7386
INFO: [Route 35-416] Intermediate Timing Summary | WNS=3.475  | TNS=0.000  | WHS=-0.173 | THS=-16.270|

Phase 2 Router Initialization | Checksum: 154939416

Time (s): cpu = 00:00:09 ; elapsed = 00:00:07 . Memory (MB): peak = 2078.094 ; gain = 60.992 ; free physical = 1332 ; free virtual = 7385

Phase 3 Initial Routing
Phase 3 Initial Routing | Checksum: 241ec9449

Time (s): cpu = 00:00:09 ; elapsed = 00:00:07 . Memory (MB): peak = 2078.094 ; gain = 60.992 ; free physical = 1335 ; free virtual = 7388

Phase 4 Rip-up And Reroute

Phase 4.1 Global Iteration 0
 Number of Nodes with overlaps = 80
 Number of Nodes with overlaps = 1
 Number of Nodes with overlaps = 0
INFO: [Route 35-416] Intermediate Timing Summary | WNS=4.082  | TNS=0.000  | WHS=N/A    | THS=N/A    |

Phase 4.1 Global Iteration 0 | Checksum: 1ae5dca22

Time (s): cpu = 00:00:10 ; elapsed = 00:00:08 . Memory (MB): peak = 2078.094 ; gain = 60.992 ; free physical = 1335 ; free virtual = 7388

Phase 4.2 Global Iteration 1
 Number of Nodes with overlaps = 0
INFO: [Route 35-416] Intermediate Timing Summary | WNS=4.082  | TNS=0.000  | WHS=N/A    | THS=N/A    |

Phase 4.2 Global Iteration 1 | Checksum: 13f8292d5

Time (s): cpu = 00:00:10 ; elapsed = 00:00:08 . Memory (MB): peak = 2078.094 ; gain = 60.992 ; free physical = 1335 ; free virtual = 7388
Phase 4 Rip-up And Reroute | Checksum: 13f8292d5

Time (s): cpu = 00:00:10 ; elapsed = 00:00:08 . Memory (MB): peak = 2078.094 ; gain = 60.992 ; free physical = 1335 ; free virtual = 7388

Phase 5 Delay and Skew Optimization

Phase 5.1 Delay CleanUp
Phase 5.1 Delay CleanUp | Checksum: 13f8292d5

Time (s): cpu = 00:00:10 ; elapsed = 00:00:08 . Memory (MB): peak = 2078.094 ; gain = 60.992 ; free physical = 1335 ; free virtual = 7388

Phase 5.2 Clock Skew Optimization
Phase 5.2 Clock Skew Optimization | Checksum: 13f8292d5

Time (s): cpu = 00:00:10 ; elapsed = 00:00:08 . Memory (MB): peak = 2078.094 ; gain = 60.992 ; free physical = 1335 ; free virtual = 7388
Phase 5 Delay and Skew Optimization | Checksum: 13f8292d5

Time (s): cpu = 00:00:10 ; elapsed = 00:00:08 . Memory (MB): peak = 2078.094 ; gain = 60.992 ; free physical = 1335 ; free virtual = 7388

Phase 6 Post Hold Fix

Phase 6.1 Hold Fix Iter

Phase 6.1.1 Update Timing
Phase 6.1.1 Update Timing | Checksum: 22407fdf7

Time (s): cpu = 00:00:10 ; elapsed = 00:00:08 . Memory (MB): peak = 2078.094 ; gain = 60.992 ; free physical = 1335 ; free virtual = 7388
INFO: [Route 35-416] Intermediate Timing Summary | WNS=4.234  | TNS=0.000  | WHS=0.054  | THS=0.000  |

Phase 6.1 Hold Fix Iter | Checksum: 1faadb51b

Time (s): cpu = 00:00:10 ; elapsed = 00:00:08 . Memory (MB): peak = 2078.094 ; gain = 60.992 ; free physical = 1335 ; free virtual = 7388
Phase 6 Post Hold Fix | Checksum: 1faadb51b

Time (s): cpu = 00:00:10 ; elapsed = 00:00:08 . Memory (MB): peak = 2078.094 ; gain = 60.992 ; free physical = 1335 ; free virtual = 7388

Phase 7 Route finalize

Router Utilization Summary
  Global Vertical Routing Utilization    = 0.398789 %
  Global Horizontal Routing Utilization  = 0.652803 %
  Routable Net Status*
  *Does not include unroutable nets such as driverless and loadless.
  Run report_route_status for detailed report.
  Number of Failed Nets               = 0
  Number of Unrouted Nets             = 0
  Number of Partially Routed Nets     = 0
  Number of Node Overlaps             = 0

Phase 7 Route finalize | Checksum: 1d522aebe

Time (s): cpu = 00:00:10 ; elapsed = 00:00:08 . Memory (MB): peak = 2078.094 ; gain = 60.992 ; free physical = 1335 ; free virtual = 7388

Phase 8 Verifying routed nets

 Verification completed successfully
Phase 8 Verifying routed nets | Checksum: 1d522aebe

Time (s): cpu = 00:00:10 ; elapsed = 00:00:08 . Memory (MB): peak = 2078.094 ; gain = 60.992 ; free physical = 1334 ; free virtual = 7387

Phase 9 Depositing Routes
Phase 9 Depositing Routes | Checksum: 1c2a0d101

Time (s): cpu = 00:00:10 ; elapsed = 00:00:08 . Memory (MB): peak = 2078.094 ; gain = 60.992 ; free physical = 1334 ; free virtual = 7387

Phase 10 Post Router Timing
INFO: [Route 35-57] Estimated Timing Summary | WNS=4.234  | TNS=0.000  | WHS=0.054  | THS=0.000  |

INFO: [Route 35-327] The final timing numbers are based on the router estimated timing analysis. For a complete and accurate timing signoff, please run report_timing_summary.
Phase 10 Post Router Timing | Checksum: 1c2a0d101

Time (s): cpu = 00:00:10 ; elapsed = 00:00:08 . Memory (MB): peak = 2078.094 ; gain = 60.992 ; free physical = 1334 ; free virtual = 7387
INFO: [Route 35-16] Router Completed Successfully

Time (s): cpu = 00:00:10 ; elapsed = 00:00:08 . Memory (MB): peak = 2078.094 ; gain = 60.992 ; free physical = 1350 ; free virtual = 7403

Routing Is Done.
INFO: [Common 17-83] Releasing license: Implementation
63 Infos, 0 Warnings, 0 Critical Warnings and 0 Errors encountered.
route_design completed successfully
route_design: Time (s): cpu = 00:00:13 ; elapsed = 00:00:09 . Memory (MB): peak = 2078.094 ; gain = 60.992 ; free physical = 1350 ; free virtual = 7403
Writing placer database...
Writing XDEF routing.
Writing XDEF routing logical nets.
Writing XDEF routing special nets.
Write XDEF Complete: Time (s): cpu = 00:00:00.23 ; elapsed = 00:00:00.09 . Memory (MB): peak = 2078.094 ; gain = 0.000 ; free physical = 1345 ; free virtual = 7402
INFO: [Common 17-1381] The checkpoint '/home/jfonda/Documents/EE324/LED_PWM/LED_PWM.runs/impl_1/system_wrapper_routed.dcp' has been generated.
INFO: [runtcl-4] Executing : report_drc -file system_wrapper_drc_routed.rpt -pb system_wrapper_drc_routed.pb -rpx system_wrapper_drc_routed.rpx
Command: report_drc -file system_wrapper_drc_routed.rpt -pb system_wrapper_drc_routed.pb -rpx system_wrapper_drc_routed.rpx
INFO: [DRC 23-27] Running DRC with 4 threads
INFO: [Coretcl 2-168] The results of DRC are in file /home/jfonda/Documents/EE324/LED_PWM/LED_PWM.runs/impl_1/system_wrapper_drc_routed.rpt.
report_drc completed successfully
INFO: [runtcl-4] Executing : report_methodology -file system_wrapper_methodology_drc_routed.rpt -pb system_wrapper_methodology_drc_routed.pb -rpx system_wrapper_methodology_drc_routed.rpx
Command: report_methodology -file system_wrapper_methodology_drc_routed.rpt -pb system_wrapper_methodology_drc_routed.pb -rpx system_wrapper_methodology_drc_routed.rpx
INFO: [Timing 38-35] Done setting XDC timing constraints.
INFO: [Timing 38-35] Done setting XDC timing constraints.
INFO: [DRC 23-133] Running Methodology with 4 threads
INFO: [Coretcl 2-1520] The results of Report Methodology are in file /home/jfonda/Documents/EE324/LED_PWM/LED_PWM.runs/impl_1/system_wrapper_methodology_drc_routed.rpt.
report_methodology completed successfully
INFO: [runtcl-4] Executing : report_power -file system_wrapper_power_routed.rpt -pb system_wrapper_power_summary_routed.pb -rpx system_wrapper_power_routed.rpx
Command: report_power -file system_wrapper_power_routed.rpt -pb system_wrapper_power_summary_routed.pb -rpx system_wrapper_power_routed.rpx
INFO: [Timing 38-35] Done setting XDC timing constraints.
Running Vector-less Activity Propagation...

Finished Running Vector-less Activity Propagation
WARNING: [Power 33-332] Found switching activity that implies high-fanout reset nets being asserted for excessive periods of time which may result in inaccurate power analysis.
Resolution: To review and fix problems, please run Power Constraints Advisor in the GUI from Tools > Power Constraints Advisor or run report_power with the -advisory option to generate a text report.
74 Infos, 1 Warnings, 0 Critical Warnings and 0 Errors encountered.
report_power completed successfully
INFO: [runtcl-4] Executing : report_route_status -file system_wrapper_route_status.rpt -pb system_wrapper_route_status.pb
INFO: [runtcl-4] Executing : report_timing_summary -max_paths 10 -file system_wrapper_timing_summary_routed.rpt -warn_on_violation  -rpx system_wrapper_timing_summary_routed.rpx
INFO: [Timing 38-91] UpdateTimingParams: Speed grade: -1, Delay Type: min_max.
INFO: [Timing 38-191] Multithreading enabled for timing update using a maximum of 4 CPUs
INFO: [runtcl-4] Executing : report_incremental_reuse -file system_wrapper_incremental_reuse_routed.rpt
INFO: [Vivado_Tcl 4-545] No incremental reuse to report, no incremental placement and routing data was found.
INFO: [runtcl-4] Executing : report_clock_utilization -file system_wrapper_clock_utilization_routed.rpt
Command: write_bitstream -force system_wrapper.bit
Attempting to get a license for feature 'Implementation' and/or device 'xc7z010'
INFO: [Common 17-349] Got license for feature 'Implementation' and/or device 'xc7z010'
Running DRC as a precondition to command write_bitstream
INFO: [DRC 23-27] Running DRC with 4 threads
INFO: [Vivado 12-3199] DRC finished with 0 Errors
INFO: [Vivado 12-3200] Please refer to the DRC report (report_drc) for more information.
INFO: [Project 1-821] Please set project.enableDesignId to be 'true'.
INFO: [Designutils 20-2272] Running write_bitstream with 4 threads.
Loading data files...
Loading site data...
Loading route data...
Processing options...
Creating bitmap...
Creating bitstream...
Writing bitstream ./system_wrapper.bit...
INFO: [Vivado 12-1842] Bitgen Completed Successfully.
INFO: [Project 1-120] WebTalk data collection is mandatory when using a WebPACK part without a full Vivado license. To see the specific WebTalk data collected for your design, open the usage_statistics_webtalk.html or usage_statistics_webtalk.xml file in the implementation directory.
INFO: [Common 17-186] '/home/jfonda/Documents/EE324/LED_PWM/LED_PWM.runs/impl_1/usage_statistics_webtalk.xml' has been successfully sent to Xilinx on Fri Oct 27 21:48:40 2017. For additional details about this file, please refer to the WebTalk help file at /opt/Xilinx/Vivado/2017.3/doc/webtalk_introduction.html.
INFO: [Common 17-83] Releasing license: Implementation
91 Infos, 1 Warnings, 0 Critical Warnings and 0 Errors encountered.
write_bitstream completed successfully
write_bitstream: Time (s): cpu = 00:00:10 ; elapsed = 00:00:09 . Memory (MB): peak = 2430.820 ; gain = 292.445 ; free physical = 1290 ; free virtual = 7347
INFO: [Common 17-206] Exiting Vivado at Fri Oct 27 21:48:40 2017...
