Copyright 1986-2017 Xilinx, Inc. All Rights Reserved.
-------------------------------------------------------------------------------------------
| Tool Version : Vivado v.2017.3 (lin64) Build 2018833 Wed Oct  4 19:58:07 MDT 2017
| Date         : Fri Oct 27 21:48:18 2017
| Host         : ubuntu running 64-bit Ubuntu 16.04.3 LTS
| Command      : report_control_sets -verbose -file system_wrapper_control_sets_placed.rpt
| Design       : system_wrapper
| Device       : xc7z010
-------------------------------------------------------------------------------------------

Control Set Information

Table of Contents
-----------------
1. Summary
2. Flip-Flop Distribution
3. Detailed Control Set Information

1. Summary
----------

+----------------------------------------------------------+-------+
|                          Status                          | Count |
+----------------------------------------------------------+-------+
| Number of unique control sets                            |    51 |
| Unused register locations in slices containing registers |    82 |
+----------------------------------------------------------+-------+


2. Flip-Flop Distribution
-------------------------

+--------------+-----------------------+------------------------+-----------------+--------------+
| Clock Enable | Synchronous Set/Reset | Asynchronous Set/Reset | Total Registers | Total Slices |
+--------------+-----------------------+------------------------+-----------------+--------------+
| No           | No                    | No                     |             109 |           33 |
| No           | No                    | Yes                    |              16 |            4 |
| No           | Yes                   | No                     |              83 |           27 |
| Yes          | No                    | No                     |             296 |           91 |
| Yes          | No                    | Yes                    |               0 |            0 |
| Yes          | Yes                   | No                     |             214 |           57 |
+--------------+-----------------------+------------------------+-----------------+--------------+


3. Detailed Control Set Information
-----------------------------------

+----------------------------------------------------------------+--------------------------------------------------------------------------------------------------------------------------------------------------------------+----------------------------------------------------------------------------------------------------------------------------------------+------------------+----------------+
|                          Clock Signal                          |                                                                         Enable Signal                                                                        |                                                            Set/Reset Signal                                                            | Slice Load Count | Bel Load Count |
+----------------------------------------------------------------+--------------------------------------------------------------------------------------------------------------------------------------------------------------+----------------------------------------------------------------------------------------------------------------------------------------+------------------+----------------+
|  system_i/processing_system7_0/inst/FCLK_CLK0                  | system_i/ps7_0_axi_periph/s00_couplers/auto_pc/inst/gen_axilite.gen_b2s_conv.axilite_b2s/WR.b_channel_0/bid_fifo_0/bresp_push                                |                                                                                                                                        |                1 |              2 |
|  system_i/processing_system7_0/inst/FCLK_CLK0                  |                                                                                                                                                              | system_i/ps7_0_axi_periph/s00_couplers/auto_pc/inst/gen_axilite.gen_b2s_conv.axilite_b2s/SI_REG/gen_simple_ar.ar_pipe/m_valid_i_reg_0  |                3 |              4 |
|  system_i/processing_system7_0/inst/FCLK_CLK0                  |                                                                                                                                                              | system_i/ps7_0_axi_periph/s00_couplers/auto_pc/inst/gen_axilite.gen_b2s_conv.axilite_b2s/SI_REG/gen_simple_aw.aw_pipe/s_ready_i_reg_0  |                3 |              4 |
|  system_i/processing_system7_0/inst/FCLK_CLK0                  |                                                                                                                                                              | system_i/rst_ps7_0_100M/U0/EXT_LPF/lpf_int                                                                                             |                3 |              4 |
|  system_i/processing_system7_0/inst/FCLK_CLK0                  | system_i/ps7_0_axi_periph/s00_couplers/auto_pc/inst/gen_axilite.gen_b2s_conv.axilite_b2s/WR.aw_channel_0/aw_cmd_fsm_0/E[0]                                   | system_i/ps7_0_axi_periph/s00_couplers/auto_pc/inst/gen_axilite.gen_b2s_conv.axilite_b2s/WR.aw_channel_0/aw_cmd_fsm_0/axlen_cnt_reg[7] |                2 |              4 |
|  system_i/processing_system7_0/inst/FCLK_CLK0                  | system_i/ps7_0_axi_periph/s00_couplers/auto_pc/inst/gen_axilite.gen_b2s_conv.axilite_b2s/RD.ar_channel_0/ar_cmd_fsm_0/axlen_cnt_reg[4][0]                    | system_i/ps7_0_axi_periph/s00_couplers/auto_pc/inst/gen_axilite.gen_b2s_conv.axilite_b2s/RD.ar_channel_0/ar_cmd_fsm_0/axlen_cnt_reg[7] |                1 |              4 |
|  system_i/processing_system7_0/inst/FCLK_CLK0                  | system_i/rst_ps7_0_100M/U0/SEQ/seq_cnt_en                                                                                                                    | system_i/rst_ps7_0_100M/U0/SEQ/SEQ_COUNTER/clear                                                                                       |                1 |              6 |
|  system_i/processing_system7_0/inst/FCLK_CLK0                  |                                                                                                                                                              | system_i/rst_ps7_0_100M/U0/peripheral_aresetn[0]                                                                                       |                1 |              6 |
|  system_i/processing_system7_0/inst/FCLK_CLK0                  | system_i/myPWM_0/inst/myPWM_v1_0_S_AXI_inst/slv_reg3[7]_i_1_n_0                                                                                              | system_i/myPWM_0/inst/myPWM_v1_0_S_AXI_inst/axi_awready_i_1_n_0                                                                        |                2 |              8 |
|  system_i/processing_system7_0/inst/FCLK_CLK0                  | system_i/myPWM_0/inst/myPWM_v1_0_S_AXI_inst/slv_reg1[23]_i_1_n_0                                                                                             | system_i/myPWM_0/inst/myPWM_v1_0_S_AXI_inst/axi_awready_i_1_n_0                                                                        |                4 |              8 |
|  system_i/processing_system7_0/inst/FCLK_CLK0                  | system_i/myPWM_0/inst/myPWM_v1_0_S_AXI_inst/slv_reg0[23]_i_1_n_0                                                                                             | system_i/myPWM_0/inst/myPWM_v1_0_S_AXI_inst/axi_awready_i_1_n_0                                                                        |                2 |              8 |
|  system_i/processing_system7_0/inst/FCLK_CLK0                  | system_i/myPWM_0/inst/myPWM_v1_0_S_AXI_inst/slv_reg1[7]_i_1_n_0                                                                                              | system_i/myPWM_0/inst/myPWM_v1_0_S_AXI_inst/axi_awready_i_1_n_0                                                                        |                1 |              8 |
|  system_i/processing_system7_0/inst/FCLK_CLK0                  | system_i/myPWM_0/inst/myPWM_v1_0_S_AXI_inst/slv_reg1[31]_i_1_n_0                                                                                             | system_i/myPWM_0/inst/myPWM_v1_0_S_AXI_inst/axi_awready_i_1_n_0                                                                        |                1 |              8 |
|  system_i/processing_system7_0/inst/FCLK_CLK0                  | system_i/myPWM_0/inst/myPWM_v1_0_S_AXI_inst/slv_reg0[31]_i_1_n_0                                                                                             | system_i/myPWM_0/inst/myPWM_v1_0_S_AXI_inst/axi_awready_i_1_n_0                                                                        |                1 |              8 |
|  system_i/processing_system7_0/inst/FCLK_CLK0                  | system_i/myPWM_0/inst/myPWM_v1_0_S_AXI_inst/slv_reg2[31]_i_1_n_0                                                                                             | system_i/myPWM_0/inst/myPWM_v1_0_S_AXI_inst/axi_awready_i_1_n_0                                                                        |                1 |              8 |
|  system_i/processing_system7_0/inst/FCLK_CLK0                  | system_i/myPWM_0/inst/myPWM_v1_0_S_AXI_inst/slv_reg2[23]_i_1_n_0                                                                                             | system_i/myPWM_0/inst/myPWM_v1_0_S_AXI_inst/axi_awready_i_1_n_0                                                                        |                2 |              8 |
|  system_i/processing_system7_0/inst/FCLK_CLK0                  | system_i/ps7_0_axi_periph/s00_couplers/auto_pc/inst/gen_axilite.gen_b2s_conv.axilite_b2s/RD.ar_channel_0/ar_cmd_fsm_0/E[0]                                   |                                                                                                                                        |                5 |              8 |
|  system_i/processing_system7_0/inst/FCLK_CLK0                  | system_i/ps7_0_axi_periph/s00_couplers/auto_pc/inst/gen_axilite.gen_b2s_conv.axilite_b2s/RD.ar_channel_0/ar_cmd_fsm_0/axaddr_incr_reg[0][0]                  |                                                                                                                                        |                3 |              8 |
|  system_i/processing_system7_0/inst/FCLK_CLK0                  | system_i/ps7_0_axi_periph/s00_couplers/auto_pc/inst/gen_axilite.gen_b2s_conv.axilite_b2s/WR.aw_channel_0/cmd_translator_0/incr_cmd_0/axaddr_incr[11]_i_1_n_0 |                                                                                                                                        |                3 |              8 |
|  system_i/processing_system7_0/inst/FCLK_CLK0                  | system_i/ps7_0_axi_periph/s00_couplers/auto_pc/inst/gen_axilite.gen_b2s_conv.axilite_b2s/WR.aw_channel_0/aw_cmd_fsm_0/wrap_boundary_axaddr_r_reg[0][0]       |                                                                                                                                        |                5 |              8 |
|  system_i/processing_system7_0/inst/FCLK_CLK0                  | system_i/ps7_0_axi_periph/s00_couplers/auto_pc/inst/gen_axilite.gen_b2s_conv.axilite_b2s/WR.b_channel_0/mhandshake_r                                         | system_i/ps7_0_axi_periph/s00_couplers/auto_pc/inst/gen_axilite.gen_b2s_conv.axilite_b2s/WR.b_channel_0/bid_fifo_0/SR[0]               |                3 |              8 |
|  system_i/processing_system7_0/inst/FCLK_CLK0                  | system_i/myPWM_0/inst/myPWM_v1_0_S_AXI_inst/slv_reg2[7]_i_1_n_0                                                                                              | system_i/myPWM_0/inst/myPWM_v1_0_S_AXI_inst/axi_awready_i_1_n_0                                                                        |                1 |              8 |
|  system_i/processing_system7_0/inst/FCLK_CLK0                  | system_i/myPWM_0/inst/myPWM_v1_0_S_AXI_inst/slv_reg0[7]_i_1_n_0                                                                                              | system_i/myPWM_0/inst/myPWM_v1_0_S_AXI_inst/axi_awready_i_1_n_0                                                                        |                3 |              8 |
|  system_i/processing_system7_0/inst/FCLK_CLK0                  | system_i/myPWM_0/inst/myPWM_v1_0_S_AXI_inst/slv_reg3[23]_i_1_n_0                                                                                             | system_i/myPWM_0/inst/myPWM_v1_0_S_AXI_inst/axi_awready_i_1_n_0                                                                        |                2 |              8 |
|  system_i/processing_system7_0/inst/FCLK_CLK0                  | system_i/myPWM_0/inst/myPWM_v1_0_S_AXI_inst/slv_reg4[23]_i_1_n_0                                                                                             | system_i/myPWM_0/inst/myPWM_v1_0_S_AXI_inst/axi_awready_i_1_n_0                                                                        |                2 |              8 |
|  system_i/processing_system7_0/inst/FCLK_CLK0                  | system_i/myPWM_0/inst/myPWM_v1_0_S_AXI_inst/slv_reg4[31]_i_1_n_0                                                                                             | system_i/myPWM_0/inst/myPWM_v1_0_S_AXI_inst/axi_awready_i_1_n_0                                                                        |                3 |              8 |
|  system_i/processing_system7_0/inst/FCLK_CLK0                  | system_i/myPWM_0/inst/myPWM_v1_0_S_AXI_inst/slv_reg3[31]_i_1_n_0                                                                                             | system_i/myPWM_0/inst/myPWM_v1_0_S_AXI_inst/axi_awready_i_1_n_0                                                                        |                2 |              8 |
|  system_i/processing_system7_0/inst/FCLK_CLK0                  | system_i/myPWM_0/inst/myPWM_v1_0_S_AXI_inst/slv_reg2[15]_i_1_n_0                                                                                             | system_i/myPWM_0/inst/myPWM_v1_0_S_AXI_inst/axi_awready_i_1_n_0                                                                        |                2 |              8 |
|  system_i/processing_system7_0/inst/FCLK_CLK0                  | system_i/myPWM_0/inst/myPWM_v1_0_S_AXI_inst/slv_reg0[15]_i_1_n_0                                                                                             | system_i/myPWM_0/inst/myPWM_v1_0_S_AXI_inst/axi_awready_i_1_n_0                                                                        |                3 |              8 |
|  system_i/processing_system7_0/inst/FCLK_CLK0                  | system_i/myPWM_0/inst/myPWM_v1_0_S_AXI_inst/slv_reg1[15]_i_1_n_0                                                                                             | system_i/myPWM_0/inst/myPWM_v1_0_S_AXI_inst/axi_awready_i_1_n_0                                                                        |                2 |              8 |
|  system_i/processing_system7_0/inst/FCLK_CLK0                  | system_i/myPWM_0/inst/myPWM_v1_0_S_AXI_inst/slv_reg4[15]_i_1_n_0                                                                                             | system_i/myPWM_0/inst/myPWM_v1_0_S_AXI_inst/axi_awready_i_1_n_0                                                                        |                2 |              8 |
|  system_i/processing_system7_0/inst/FCLK_CLK0                  | system_i/myPWM_0/inst/myPWM_v1_0_S_AXI_inst/slv_reg4[7]_i_1_n_0                                                                                              | system_i/myPWM_0/inst/myPWM_v1_0_S_AXI_inst/axi_awready_i_1_n_0                                                                        |                2 |              8 |
|  system_i/processing_system7_0/inst/FCLK_CLK0                  | system_i/myPWM_0/inst/myPWM_v1_0_S_AXI_inst/slv_reg3[15]_i_1_n_0                                                                                             | system_i/myPWM_0/inst/myPWM_v1_0_S_AXI_inst/axi_awready_i_1_n_0                                                                        |                3 |              8 |
|  system_i/myPWM_0/inst/myPWM_v1_0_S_AXI_inst/Clock_Divider/CLK |                                                                                                                                                              | system_i/rst_ps7_0_100M/U0/peripheral_aresetn[0]                                                                                       |                3 |             10 |
|  system_i/processing_system7_0/inst/FCLK_CLK0                  |                                                                                                                                                              | system_i/myPWM_0/inst/myPWM_v1_0_S_AXI_inst/axi_awready_i_1_n_0                                                                        |                5 |             12 |
|  system_i/processing_system7_0/inst/FCLK_CLK0                  | system_i/ps7_0_axi_periph/s00_couplers/auto_pc/inst/gen_axilite.gen_b2s_conv.axilite_b2s/RD.r_channel_0/r_push_r                                             |                                                                                                                                        |                4 |             13 |
|  system_i/processing_system7_0/inst/FCLK_CLK0                  | system_i/ps7_0_axi_periph/s00_couplers/auto_pc/inst/gen_axilite.gen_b2s_conv.axilite_b2s/SI_REG/gen_simple_b.b_pipe/skid_buffer_reg[0]_0                     |                                                                                                                                        |                3 |             14 |
|  system_i/processing_system7_0/inst/FCLK_CLK0                  | system_i/ps7_0_axi_periph/s00_couplers/auto_pc/inst/gen_axilite.gen_b2s_conv.axilite_b2s/SI_REG/gen_simple_b.b_pipe/p_1_in                                   |                                                                                                                                        |                2 |             14 |
|  system_i/processing_system7_0/inst/FCLK_CLK0                  | system_i/ps7_0_axi_periph/s00_couplers/auto_pc/inst/gen_axilite.gen_b2s_conv.axilite_b2s/WR.aw_channel_0/aw_cmd_fsm_0/b_push                                 |                                                                                                                                        |                3 |             16 |
|  system_i/processing_system7_0/inst/FCLK_CLK0                  | system_i/ps7_0_axi_periph/s00_couplers/auto_pc/inst/gen_axilite.gen_b2s_conv.axilite_b2s/WR.aw_channel_0/aw_cmd_fsm_0/E[0]                                   |                                                                                                                                        |                6 |             17 |
|  system_i/processing_system7_0/inst/FCLK_CLK0                  | system_i/ps7_0_axi_periph/s00_couplers/auto_pc/inst/gen_axilite.gen_b2s_conv.axilite_b2s/RD.ar_channel_0/ar_cmd_fsm_0/axlen_cnt_reg[4][0]                    |                                                                                                                                        |                9 |             17 |
|  system_i/processing_system7_0/inst/FCLK_CLK0                  | system_i/ps7_0_axi_periph/s00_couplers/auto_pc/inst/gen_axilite.gen_b2s_conv.axilite_b2s/WR.aw_channel_0/aw_cmd_fsm_0/m_payload_i_reg[0][0]                  |                                                                                                                                        |                7 |             28 |
|  system_i/processing_system7_0/inst/FCLK_CLK0                  | system_i/ps7_0_axi_periph/s00_couplers/auto_pc/inst/gen_axilite.gen_b2s_conv.axilite_b2s/RD.ar_channel_0/ar_cmd_fsm_0/m_payload_i_reg[0]_1[0]                |                                                                                                                                        |                9 |             28 |
|  system_i/processing_system7_0/inst/FCLK_CLK0                  | system_i/ps7_0_axi_periph/s00_couplers/auto_pc/inst/gen_axilite.gen_b2s_conv.axilite_b2s/SI_REG/gen_simple_ar.ar_pipe/skid_buffer_reg[0]_0                   |                                                                                                                                        |                6 |             28 |
|  system_i/processing_system7_0/inst/FCLK_CLK0                  | system_i/ps7_0_axi_periph/s00_couplers/auto_pc/inst/gen_axilite.gen_b2s_conv.axilite_b2s/SI_REG/gen_simple_aw.aw_pipe/skid_buffer_reg[0]_0                   |                                                                                                                                        |                7 |             28 |
|  system_i/processing_system7_0/inst/FCLK_CLK0                  | system_i/ps7_0_axi_periph/s00_couplers/auto_pc/inst/gen_axilite.gen_b2s_conv.axilite_b2s/RD.r_channel_0/rd_data_fifo_0/wr_en0                                |                                                                                                                                        |                9 |             32 |
|  system_i/processing_system7_0/inst/FCLK_CLK0                  | system_i/myPWM_0/inst/myPWM_v1_0_S_AXI_inst/slv_reg_rden__0                                                                                                  | system_i/myPWM_0/inst/myPWM_v1_0_S_AXI_inst/axi_awready_i_1_n_0                                                                        |                9 |             32 |
|  system_i/processing_system7_0/inst/FCLK_CLK0                  | system_i/ps7_0_axi_periph/s00_couplers/auto_pc/inst/gen_axilite.gen_b2s_conv.axilite_b2s/SI_REG/gen_simple_r.r_pipe/p_1_in                                   |                                                                                                                                        |               14 |             45 |
|  system_i/processing_system7_0/inst/FCLK_CLK0                  | system_i/ps7_0_axi_periph/s00_couplers/auto_pc/inst/gen_axilite.gen_b2s_conv.axilite_b2s/SI_REG/gen_simple_r.r_pipe/skid_buffer_reg[0]_0                     |                                                                                                                                        |               12 |             45 |
|  system_i/processing_system7_0/inst/FCLK_CLK0                  |                                                                                                                                                              | system_i/ps7_0_axi_periph/s00_couplers/auto_pc/inst/gen_axilite.gen_b2s_conv.axilite_b2s/areset_d1                                     |               13 |             59 |
|  system_i/processing_system7_0/inst/FCLK_CLK0                  |                                                                                                                                                              |                                                                                                                                        |               34 |            110 |
+----------------------------------------------------------------+--------------------------------------------------------------------------------------------------------------------------------------------------------------+----------------------------------------------------------------------------------------------------------------------------------------+------------------+----------------+


+--------+-----------------------+
| Fanout | Number of ControlSets |
+--------+-----------------------+
| 2      |                     1 |
| 4      |                     5 |
| 6      |                     2 |
| 8      |                    25 |
| 10     |                     1 |
| 12     |                     1 |
| 13     |                     1 |
| 14     |                     2 |
| 16+    |                    13 |
+--------+-----------------------+


