
*** Running vivado
    with args -log system_rst_ps7_0_100M_0.vds -m64 -product Vivado -mode batch -messageDb vivado.pb -notrace -source system_rst_ps7_0_100M_0.tcl


****** Vivado v2017.3 (64-bit)
  **** SW Build 2018833 on Wed Oct  4 19:58:07 MDT 2017
  **** IP Build 2016188 on Wed Oct  4 21:52:56 MDT 2017
    ** Copyright 1986-2017 Xilinx, Inc. All Rights Reserved.

source system_rst_ps7_0_100M_0.tcl -notrace
Starting RTL Elaboration : Time (s): cpu = 00:00:08 ; elapsed = 00:00:09 . Memory (MB): peak = 1263.742 ; gain = 77.996 ; free physical = 635 ; free virtual = 5510
INFO: [Synth 8-638] synthesizing module 'system_rst_ps7_0_100M_0' [/home/jfonda/Documents/EE324/LED_Controller/LED_Controller.srcs/sources_1/bd/system/ip/system_rst_ps7_0_100M_0/synth/system_rst_ps7_0_100M_0.vhd:74]
INFO: [Synth 8-638] synthesizing module 'proc_sys_reset' [/home/jfonda/Documents/EE324/LED_Controller/LED_Controller.srcs/sources_1/bd/system/ipshared/f86a/hdl/proc_sys_reset_v5_0_vh_rfs.vhd:1323]
INFO: [Synth 8-638] synthesizing module 'lpf' [/home/jfonda/Documents/EE324/LED_Controller/LED_Controller.srcs/sources_1/bd/system/ipshared/f86a/hdl/proc_sys_reset_v5_0_vh_rfs.vhd:816]
INFO: [Synth 8-638] synthesizing module 'SRL16' [/opt/Xilinx/Vivado/2017.3/scripts/rt/data/unisim_comp.v:50689]
INFO: [Synth 8-256] done synthesizing module 'SRL16' (1#1) [/opt/Xilinx/Vivado/2017.3/scripts/rt/data/unisim_comp.v:50689]
INFO: [Synth 8-638] synthesizing module 'cdc_sync' [/home/jfonda/Documents/EE324/LED_Controller/LED_Controller.srcs/sources_1/bd/system/ipshared/ef1e/hdl/lib_cdc_v1_0_rfs.vhd:106]
INFO: [Synth 8-256] done synthesizing module 'cdc_sync' (2#1) [/home/jfonda/Documents/EE324/LED_Controller/LED_Controller.srcs/sources_1/bd/system/ipshared/ef1e/hdl/lib_cdc_v1_0_rfs.vhd:106]
INFO: [Synth 8-256] done synthesizing module 'lpf' (3#1) [/home/jfonda/Documents/EE324/LED_Controller/LED_Controller.srcs/sources_1/bd/system/ipshared/f86a/hdl/proc_sys_reset_v5_0_vh_rfs.vhd:816]
INFO: [Synth 8-638] synthesizing module 'sequence_psr' [/home/jfonda/Documents/EE324/LED_Controller/LED_Controller.srcs/sources_1/bd/system/ipshared/f86a/hdl/proc_sys_reset_v5_0_vh_rfs.vhd:301]
INFO: [Synth 8-638] synthesizing module 'upcnt_n' [/home/jfonda/Documents/EE324/LED_Controller/LED_Controller.srcs/sources_1/bd/system/ipshared/f86a/hdl/proc_sys_reset_v5_0_vh_rfs.vhd:125]
INFO: [Synth 8-256] done synthesizing module 'upcnt_n' (4#1) [/home/jfonda/Documents/EE324/LED_Controller/LED_Controller.srcs/sources_1/bd/system/ipshared/f86a/hdl/proc_sys_reset_v5_0_vh_rfs.vhd:125]
INFO: [Synth 8-256] done synthesizing module 'sequence_psr' (5#1) [/home/jfonda/Documents/EE324/LED_Controller/LED_Controller.srcs/sources_1/bd/system/ipshared/f86a/hdl/proc_sys_reset_v5_0_vh_rfs.vhd:301]
INFO: [Synth 8-256] done synthesizing module 'proc_sys_reset' (6#1) [/home/jfonda/Documents/EE324/LED_Controller/LED_Controller.srcs/sources_1/bd/system/ipshared/f86a/hdl/proc_sys_reset_v5_0_vh_rfs.vhd:1323]
INFO: [Synth 8-256] done synthesizing module 'system_rst_ps7_0_100M_0' (7#1) [/home/jfonda/Documents/EE324/LED_Controller/LED_Controller.srcs/sources_1/bd/system/ip/system_rst_ps7_0_100M_0/synth/system_rst_ps7_0_100M_0.vhd:74]
Finished RTL Elaboration : Time (s): cpu = 00:00:09 ; elapsed = 00:00:10 . Memory (MB): peak = 1306.273 ; gain = 120.527 ; free physical = 630 ; free virtual = 5506
Finished RTL Optimization Phase 1 : Time (s): cpu = 00:00:09 ; elapsed = 00:00:10 . Memory (MB): peak = 1306.273 ; gain = 120.527 ; free physical = 630 ; free virtual = 5506
INFO: [Device 21-403] Loading part xc7z010clg400-1
Constraint Validation Runtime : Time (s): cpu = 00:00:00.01 ; elapsed = 00:00:00 . Memory (MB): peak = 1626.898 ; gain = 0.000 ; free physical = 233 ; free virtual = 5126
Finished Constraint Validation : Time (s): cpu = 00:00:27 ; elapsed = 00:00:40 . Memory (MB): peak = 1626.898 ; gain = 441.152 ; free physical = 269 ; free virtual = 5162
Finished Loading Part and Timing Information : Time (s): cpu = 00:00:27 ; elapsed = 00:00:40 . Memory (MB): peak = 1626.898 ; gain = 441.152 ; free physical = 269 ; free virtual = 5162
Finished applying 'set_property' XDC Constraints : Time (s): cpu = 00:00:27 ; elapsed = 00:00:40 . Memory (MB): peak = 1626.898 ; gain = 441.152 ; free physical = 271 ; free virtual = 5164
Finished RTL Optimization Phase 2 : Time (s): cpu = 00:00:28 ; elapsed = 00:00:40 . Memory (MB): peak = 1626.898 ; gain = 441.152 ; free physical = 263 ; free virtual = 5156
Finished Cross Boundary and Area Optimization : Time (s): cpu = 00:00:28 ; elapsed = 00:00:41 . Memory (MB): peak = 1626.898 ; gain = 441.152 ; free physical = 253 ; free virtual = 5147
Finished Applying XDC Timing Constraints : Time (s): cpu = 00:00:35 ; elapsed = 00:00:51 . Memory (MB): peak = 1626.898 ; gain = 441.152 ; free physical = 125 ; free virtual = 5019
Finished Timing Optimization : Time (s): cpu = 00:00:35 ; elapsed = 00:00:51 . Memory (MB): peak = 1626.898 ; gain = 441.152 ; free physical = 125 ; free virtual = 5019
Finished Technology Mapping : Time (s): cpu = 00:00:35 ; elapsed = 00:00:51 . Memory (MB): peak = 1626.898 ; gain = 441.152 ; free physical = 124 ; free virtual = 5018
Finished IO Insertion : Time (s): cpu = 00:00:36 ; elapsed = 00:00:52 . Memory (MB): peak = 1626.898 ; gain = 441.152 ; free physical = 125 ; free virtual = 5018
Finished Renaming Generated Instances : Time (s): cpu = 00:00:36 ; elapsed = 00:00:52 . Memory (MB): peak = 1626.898 ; gain = 441.152 ; free physical = 125 ; free virtual = 5018
Finished Rebuilding User Hierarchy : Time (s): cpu = 00:00:36 ; elapsed = 00:00:52 . Memory (MB): peak = 1626.898 ; gain = 441.152 ; free physical = 125 ; free virtual = 5018
Finished Renaming Generated Ports : Time (s): cpu = 00:00:36 ; elapsed = 00:00:52 . Memory (MB): peak = 1626.898 ; gain = 441.152 ; free physical = 125 ; free virtual = 5018
Finished Handling Custom Attributes : Time (s): cpu = 00:00:36 ; elapsed = 00:00:52 . Memory (MB): peak = 1626.898 ; gain = 441.152 ; free physical = 125 ; free virtual = 5018
Finished Renaming Generated Nets : Time (s): cpu = 00:00:36 ; elapsed = 00:00:52 . Memory (MB): peak = 1626.898 ; gain = 441.152 ; free physical = 125 ; free virtual = 5018

Report Cell Usage: 
+------+------+------+
|      |Cell  |Count |
+------+------+------+
|1     |LUT1  |     5|
|2     |LUT2  |     9|
|3     |LUT3  |     1|
|4     |LUT4  |     6|
|5     |LUT5  |     3|
|6     |LUT6  |     1|
|7     |SRL16 |     1|
|8     |FDR   |     8|
|9     |FDRE  |    28|
|10    |FDSE  |     4|
+------+------+------+
Finished Writing Synthesis Report : Time (s): cpu = 00:00:36 ; elapsed = 00:00:52 . Memory (MB): peak = 1626.898 ; gain = 441.152 ; free physical = 125 ; free virtual = 5018
synth_design: Time (s): cpu = 00:00:38 ; elapsed = 00:00:53 . Memory (MB): peak = 1626.906 ; gain = 460.262 ; free physical = 167 ; free virtual = 5060
