Copyright 1986-2017 Xilinx, Inc. All Rights Reserved.
------------------------------------------------------------------------------------
| Tool Version : Vivado v.2017.3 (lin64) Build 2018833 Wed Oct  4 19:58:07 MDT 2017
| Date         : Thu Oct 19 16:35:45 2017
| Host         : ubuntu running 64-bit Ubuntu 16.04.3 LTS
| Command      : upgrade_ip
| Device       : xc7z010clg400-1
------------------------------------------------------------------------------------

Upgrade Log for IP 'system_myswitch_0_2'

1. Summary
----------

SUCCESS in the upgrade of system_myswitch_0_2 (user.org:user:myswitch:1.0) from (Rev. 2) to (Rev. 3)






Copyright 1986-2017 Xilinx, Inc. All Rights Reserved.
------------------------------------------------------------------------------------
| Tool Version : Vivado v.2017.3 (lin64) Build 2018833 Wed Oct  4 19:58:07 MDT 2017
| Date         : Thu Oct 19 15:41:08 2017
| Host         : ubuntu running 64-bit Ubuntu 16.04.3 LTS
| Command      : upgrade_ip
| Device       : xc7z010clg400-1
------------------------------------------------------------------------------------

Upgrade Log for IP 'system_myswitch_0_2'

1. Summary
----------

CAUTION (success, with warnings) in the upgrade of system_myswitch_0_2 (user.org:user:myswitch:1.0) from (Rev. 1) to (Rev. 2)

After upgrade, an IP may have parameter and port differences compared to the original customization. Please review the parameters within the IP customization GUI to ensure proper functionality. Also, please review the updated IP instantiation template to ensure proper connectivity, and update your design if required.

2. Connection Warnings
----------------------

Detected external port differences while upgrading 'system_myswitch_0_2'. These changes may impact your design.


-Upgrade has added port 'sw'


