#-----------------------------------------------------------
# Vivado v2017.2 (64-bit)
# SW Build 1909853 on Thu Jun 15 18:39:09 MDT 2017
# IP Build 1909766 on Thu Jun 15 19:58:00 MDT 2017
# Start of session at: Fri Sep 15 09:10:37 2017
# Process ID: 6880
# Current directory: C:/Users/Jeffery Fonda/Dropbox/Classes/EE Classes/EE324 Projects/Stopwatch/Project 1/project_3
# Command line: vivado.exe -gui_launcher_event rodinguilauncherevent3236 C:\Users\Jeffery Fonda\Dropbox\Classes\EE Classes\EE324 Projects\Stopwatch\Project 1\project_3\project_3.xpr
# Log file: C:/Users/Jeffery Fonda/Dropbox/Classes/EE Classes/EE324 Projects/Stopwatch/Project 1/project_3/vivado.log
# Journal file: C:/Users/Jeffery Fonda/Dropbox/Classes/EE Classes/EE324 Projects/Stopwatch/Project 1/project_3\vivado.jou
#-----------------------------------------------------------
start_gui
open_project {C:/Users/Jeffery Fonda/Dropbox/Classes/EE Classes/EE324 Projects/Stopwatch/Project 1/project_3/project_3.xpr}
INFO: [ProjectBase 1-489] The host OS only allows 260 characters in a normal path. The project is stored in a path with more than 80 characters. If you experience issues with IP, Block Designs, or files not being found, please consider moving the project to a location with a shorter path. Alternately consider using the OS subst command to map part of the path to a drive letter.
Current project path is 'C:/Users/Jeffery Fonda/Dropbox/Classes/EE Classes/EE324 Projects/Stopwatch/Project 1/project_3'
INFO: [Project 1-313] Project file moved from 'C:/Users/fer/Desktop/EE214/214/project_3' since last save.
Scanning sources...
Finished scanning sources
INFO: [IP_Flow 19-234] Refreshing IP repositories
INFO: [IP_Flow 19-1704] No user IP repositories specified
INFO: [IP_Flow 19-2313] Loaded Vivado IP repository 'C:/Xilinx/Vivado/2017.2/data/ip'.
open_project: Time (s): cpu = 00:00:09 ; elapsed = 00:00:05 . Memory (MB): peak = 726.266 ; gain = 48.035
update_compile_order -fileset sources_1
exit
INFO: [Common 17-206] Exiting Vivado at Fri Sep 15 09:15:36 2017...
