
*** Running vivado
    with args -log system_myled_0_0.vds -m64 -product Vivado -mode batch -messageDb vivado.pb -notrace -source system_myled_0_0.tcl


****** Vivado v2017.2 (64-bit)
  **** SW Build 1909853 on Thu Jun 15 18:39:09 MDT 2017
  **** IP Build 1909766 on Thu Jun 15 19:58:00 MDT 2017
    ** Copyright 1986-2017 Xilinx, Inc. All Rights Reserved.

source system_myled_0_0.tcl -notrace
Command: synth_design -top system_myled_0_0 -part xc7z010clg400-1 -mode out_of_context
Starting synth_design
Attempting to get a license for feature 'Synthesis' and/or device 'xc7z010-clg400'
INFO: [Common 17-349] Got license for feature 'Synthesis' and/or device 'xc7z010-clg400'
INFO: Launching helper process for spawning children vivado processes
INFO: Helper process launched with PID 7020 
---------------------------------------------------------------------------------
Starting RTL Elaboration : Time (s): cpu = 00:00:03 ; elapsed = 00:00:03 . Memory (MB): peak = 316.172 ; gain = 78.410
---------------------------------------------------------------------------------
INFO: [Synth 8-638] synthesizing module 'system_myled_0_0' [c:/Users/Jeffery Fonda/Dropbox/Classes/EE_Classes/EE324_Projects/LED_Controller/LED_Controller.srcs/sources_1/bd/system/ip/system_myled_0_0/synth/system_myled_0_0.v:57]
INFO: [Synth 8-638] synthesizing module 'myled_v1_0' [c:/Users/Jeffery Fonda/Dropbox/Classes/EE_Classes/EE324_Projects/LED_Controller/LED_Controller.srcs/sources_1/bd/system/ipshared/73f7/hdl/myled_v1_0.v:4]
	Parameter C_S_AXI_DATA_WIDTH bound to: 32 - type: integer 
	Parameter C_S_AXI_ADDR_WIDTH bound to: 4 - type: integer 
INFO: [Synth 8-638] synthesizing module 'myled_v1_0_S_AXI' [c:/Users/Jeffery Fonda/Dropbox/Classes/EE_Classes/EE324_Projects/LED_Controller/LED_Controller.srcs/sources_1/bd/system/ipshared/73f7/hdl/myled_v1_0_S_AXI.v:4]
	Parameter C_S_AXI_DATA_WIDTH bound to: 32 - type: integer 
	Parameter C_S_AXI_ADDR_WIDTH bound to: 4 - type: integer 
	Parameter ADDR_LSB bound to: 2 - type: integer 
	Parameter OPT_MEM_ADDR_BITS bound to: 1 - type: integer 
INFO: [Synth 8-226] default block is never used [c:/Users/Jeffery Fonda/Dropbox/Classes/EE_Classes/EE324_Projects/LED_Controller/LED_Controller.srcs/sources_1/bd/system/ipshared/73f7/hdl/myled_v1_0_S_AXI.v:231]
INFO: [Synth 8-226] default block is never used [c:/Users/Jeffery Fonda/Dropbox/Classes/EE_Classes/EE324_Projects/LED_Controller/LED_Controller.srcs/sources_1/bd/system/ipshared/73f7/hdl/myled_v1_0_S_AXI.v:372]
WARNING: [Synth 8-6014] Unused sequential element byte_index was removed.  [c:/Users/Jeffery Fonda/Dropbox/Classes/EE_Classes/EE324_Projects/LED_Controller/LED_Controller.srcs/sources_1/bd/system/ipshared/73f7/hdl/myled_v1_0_S_AXI.v:221]
INFO: [Synth 8-256] done synthesizing module 'myled_v1_0_S_AXI' (1#1) [c:/Users/Jeffery Fonda/Dropbox/Classes/EE_Classes/EE324_Projects/LED_Controller/LED_Controller.srcs/sources_1/bd/system/ipshared/73f7/hdl/myled_v1_0_S_AXI.v:4]
INFO: [Synth 8-256] done synthesizing module 'myled_v1_0' (2#1) [c:/Users/Jeffery Fonda/Dropbox/Classes/EE_Classes/EE324_Projects/LED_Controller/LED_Controller.srcs/sources_1/bd/system/ipshared/73f7/hdl/myled_v1_0.v:4]
INFO: [Synth 8-256] done synthesizing module 'system_myled_0_0' (3#1) [c:/Users/Jeffery Fonda/Dropbox/Classes/EE_Classes/EE324_Projects/LED_Controller/LED_Controller.srcs/sources_1/bd/system/ip/system_myled_0_0/synth/system_myled_0_0.v:57]
WARNING: [Synth 8-3331] design myled_v1_0_S_AXI has unconnected port S_AXI_AWPROT[2]
WARNING: [Synth 8-3331] design myled_v1_0_S_AXI has unconnected port S_AXI_AWPROT[1]
WARNING: [Synth 8-3331] design myled_v1_0_S_AXI has unconnected port S_AXI_AWPROT[0]
WARNING: [Synth 8-3331] design myled_v1_0_S_AXI has unconnected port S_AXI_ARPROT[2]
WARNING: [Synth 8-3331] design myled_v1_0_S_AXI has unconnected port S_AXI_ARPROT[1]
WARNING: [Synth 8-3331] design myled_v1_0_S_AXI has unconnected port S_AXI_ARPROT[0]
---------------------------------------------------------------------------------
Finished RTL Elaboration : Time (s): cpu = 00:00:04 ; elapsed = 00:00:04 . Memory (MB): peak = 356.250 ; gain = 118.488
---------------------------------------------------------------------------------

Report Check Netlist: 
+------+------------------+-------+---------+-------+------------------+
|      |Item              |Errors |Warnings |Status |Description       |
+------+------------------+-------+---------+-------+------------------+
|1     |multi_driven_nets |      0|        0|Passed |Multi driven nets |
+------+------------------+-------+---------+-------+------------------+
---------------------------------------------------------------------------------
Finished RTL Optimization Phase 1 : Time (s): cpu = 00:00:04 ; elapsed = 00:00:04 . Memory (MB): peak = 356.250 ; gain = 118.488
---------------------------------------------------------------------------------
INFO: [Device 21-403] Loading part xc7z010clg400-1
INFO: [Project 1-570] Preparing netlist for logic optimization

Processing XDC Constraints
Initializing timing engine
Completed Processing XDC Constraints

INFO: [Project 1-111] Unisim Transformation Summary:
No Unisim elements were transformed.

Constraint Validation Runtime : Time (s): cpu = 00:00:00 ; elapsed = 00:00:00.021 . Memory (MB): peak = 649.445 ; gain = 0.000
---------------------------------------------------------------------------------
Finished Constraint Validation : Time (s): cpu = 00:00:12 ; elapsed = 00:00:13 . Memory (MB): peak = 649.445 ; gain = 411.684
---------------------------------------------------------------------------------
---------------------------------------------------------------------------------
Start Loading Part and Timing Information
---------------------------------------------------------------------------------
Loading part: xc7z010clg400-1
---------------------------------------------------------------------------------
Finished Loading Part and Timing Information : Time (s): cpu = 00:00:12 ; elapsed = 00:00:13 . Memory (MB): peak = 649.445 ; gain = 411.684
---------------------------------------------------------------------------------
---------------------------------------------------------------------------------
Start Applying 'set_property' XDC Constraints
---------------------------------------------------------------------------------
---------------------------------------------------------------------------------
Finished applying 'set_property' XDC Constraints : Time (s): cpu = 00:00:12 ; elapsed = 00:00:13 . Memory (MB): peak = 649.445 ; gain = 411.684
---------------------------------------------------------------------------------
---------------------------------------------------------------------------------
Finished RTL Optimization Phase 2 : Time (s): cpu = 00:00:12 ; elapsed = 00:00:13 . Memory (MB): peak = 649.445 ; gain = 411.684
---------------------------------------------------------------------------------

Report RTL Partitions: 
+-+--------------+------------+----------+
| |RTL Partition |Replication |Instances |
+-+--------------+------------+----------+
+-+--------------+------------+----------+
---------------------------------------------------------------------------------
Start RTL Component Statistics 
---------------------------------------------------------------------------------
Detailed RTL Component Info : 
+---Registers : 
	               32 Bit    Registers := 5     
	                4 Bit    Registers := 2     
	                2 Bit    Registers := 2     
	                1 Bit    Registers := 6     
+---Muxes : 
	   2 Input     32 Bit        Muxes := 4     
	   4 Input     32 Bit        Muxes := 5     
	   2 Input      1 Bit        Muxes := 5     
---------------------------------------------------------------------------------
Finished RTL Component Statistics 
---------------------------------------------------------------------------------
---------------------------------------------------------------------------------
Start RTL Hierarchical Component Statistics 
---------------------------------------------------------------------------------
Hierarchical RTL Component report 
Module myled_v1_0_S_AXI 
Detailed RTL Component Info : 
+---Registers : 
	               32 Bit    Registers := 5     
	                4 Bit    Registers := 2     
	                2 Bit    Registers := 2     
	                1 Bit    Registers := 6     
+---Muxes : 
	   2 Input     32 Bit        Muxes := 4     
	   4 Input     32 Bit        Muxes := 5     
	   2 Input      1 Bit        Muxes := 5     
---------------------------------------------------------------------------------
Finished RTL Hierarchical Component Statistics
---------------------------------------------------------------------------------
---------------------------------------------------------------------------------
Start Part Resource Summary
---------------------------------------------------------------------------------
Part Resources:
DSPs: 80 (col length:40)
BRAMs: 120 (col length: RAMB18 40 RAMB36 20)
---------------------------------------------------------------------------------
Finished Part Resource Summary
---------------------------------------------------------------------------------
---------------------------------------------------------------------------------
Start Cross Boundary and Area Optimization
---------------------------------------------------------------------------------
WARNING: [Synth 8-3331] design system_myled_0_0 has unconnected port s_axi_awprot[2]
WARNING: [Synth 8-3331] design system_myled_0_0 has unconnected port s_axi_awprot[1]
WARNING: [Synth 8-3331] design system_myled_0_0 has unconnected port s_axi_awprot[0]
WARNING: [Synth 8-3331] design system_myled_0_0 has unconnected port s_axi_arprot[2]
WARNING: [Synth 8-3331] design system_myled_0_0 has unconnected port s_axi_arprot[1]
WARNING: [Synth 8-3331] design system_myled_0_0 has unconnected port s_axi_arprot[0]
INFO: [Synth 8-3886] merging instance 'inst/myled_v1_0_S_AXI_inst/axi_rresp_reg[0]' (FDRE) to 'inst/myled_v1_0_S_AXI_inst/axi_rresp_reg[1]'
INFO: [Synth 8-3333] propagating constant 0 across sequential element (\inst/myled_v1_0_S_AXI_inst/axi_rresp_reg[1] )
INFO: [Synth 8-3886] merging instance 'inst/myled_v1_0_S_AXI_inst/axi_bresp_reg[0]' (FDRE) to 'inst/myled_v1_0_S_AXI_inst/axi_bresp_reg[1]'
INFO: [Synth 8-3333] propagating constant 0 across sequential element (\inst/myled_v1_0_S_AXI_inst/axi_bresp_reg[1] )
INFO: [Synth 8-3332] Sequential element (inst/myled_v1_0_S_AXI_inst/axi_awaddr_reg[1]) is unused and will be removed from module system_myled_0_0.
INFO: [Synth 8-3332] Sequential element (inst/myled_v1_0_S_AXI_inst/axi_awaddr_reg[0]) is unused and will be removed from module system_myled_0_0.
INFO: [Synth 8-3332] Sequential element (inst/myled_v1_0_S_AXI_inst/axi_bresp_reg[1]) is unused and will be removed from module system_myled_0_0.
INFO: [Synth 8-3332] Sequential element (inst/myled_v1_0_S_AXI_inst/axi_araddr_reg[1]) is unused and will be removed from module system_myled_0_0.
INFO: [Synth 8-3332] Sequential element (inst/myled_v1_0_S_AXI_inst/axi_araddr_reg[0]) is unused and will be removed from module system_myled_0_0.
INFO: [Synth 8-3332] Sequential element (inst/myled_v1_0_S_AXI_inst/axi_rresp_reg[1]) is unused and will be removed from module system_myled_0_0.
---------------------------------------------------------------------------------
Finished Cross Boundary and Area Optimization : Time (s): cpu = 00:00:13 ; elapsed = 00:00:14 . Memory (MB): peak = 649.445 ; gain = 411.684
---------------------------------------------------------------------------------

Report RTL Partitions: 
+-+--------------+------------+----------+
| |RTL Partition |Replication |Instances |
+-+--------------+------------+----------+
+-+--------------+------------+----------+
---------------------------------------------------------------------------------
Start Applying XDC Timing Constraints
---------------------------------------------------------------------------------
---------------------------------------------------------------------------------
Finished Applying XDC Timing Constraints : Time (s): cpu = 00:00:23 ; elapsed = 00:00:24 . Memory (MB): peak = 649.445 ; gain = 411.684
---------------------------------------------------------------------------------
---------------------------------------------------------------------------------
Start Timing Optimization
---------------------------------------------------------------------------------
---------------------------------------------------------------------------------
Finished Timing Optimization : Time (s): cpu = 00:00:23 ; elapsed = 00:00:24 . Memory (MB): peak = 649.445 ; gain = 411.684
---------------------------------------------------------------------------------

Report RTL Partitions: 
+-+--------------+------------+----------+
| |RTL Partition |Replication |Instances |
+-+--------------+------------+----------+
+-+--------------+------------+----------+
---------------------------------------------------------------------------------
Start Technology Mapping
---------------------------------------------------------------------------------
---------------------------------------------------------------------------------
Finished Technology Mapping : Time (s): cpu = 00:00:23 ; elapsed = 00:00:24 . Memory (MB): peak = 649.445 ; gain = 411.684
---------------------------------------------------------------------------------

Report RTL Partitions: 
+-+--------------+------------+----------+
| |RTL Partition |Replication |Instances |
+-+--------------+------------+----------+
+-+--------------+------------+----------+
---------------------------------------------------------------------------------
Start IO Insertion
---------------------------------------------------------------------------------
---------------------------------------------------------------------------------
Start Flattening Before IO Insertion
---------------------------------------------------------------------------------
---------------------------------------------------------------------------------
Finished Flattening Before IO Insertion
---------------------------------------------------------------------------------
---------------------------------------------------------------------------------
Start Final Netlist Cleanup
---------------------------------------------------------------------------------
---------------------------------------------------------------------------------
Finished Final Netlist Cleanup
---------------------------------------------------------------------------------
---------------------------------------------------------------------------------
Finished IO Insertion : Time (s): cpu = 00:00:24 ; elapsed = 00:00:25 . Memory (MB): peak = 649.445 ; gain = 411.684
---------------------------------------------------------------------------------

Report Check Netlist: 
+------+------------------+-------+---------+-------+------------------+
|      |Item              |Errors |Warnings |Status |Description       |
+------+------------------+-------+---------+-------+------------------+
|1     |multi_driven_nets |      0|        0|Passed |Multi driven nets |
+------+------------------+-------+---------+-------+------------------+
---------------------------------------------------------------------------------
Start Renaming Generated Instances
---------------------------------------------------------------------------------
---------------------------------------------------------------------------------
Finished Renaming Generated Instances : Time (s): cpu = 00:00:24 ; elapsed = 00:00:25 . Memory (MB): peak = 649.445 ; gain = 411.684
---------------------------------------------------------------------------------

Report RTL Partitions: 
+-+--------------+------------+----------+
| |RTL Partition |Replication |Instances |
+-+--------------+------------+----------+
+-+--------------+------------+----------+
---------------------------------------------------------------------------------
Start Rebuilding User Hierarchy
---------------------------------------------------------------------------------
---------------------------------------------------------------------------------
Finished Rebuilding User Hierarchy : Time (s): cpu = 00:00:24 ; elapsed = 00:00:25 . Memory (MB): peak = 649.445 ; gain = 411.684
---------------------------------------------------------------------------------
---------------------------------------------------------------------------------
Start Renaming Generated Ports
---------------------------------------------------------------------------------
---------------------------------------------------------------------------------
Finished Renaming Generated Ports : Time (s): cpu = 00:00:24 ; elapsed = 00:00:25 . Memory (MB): peak = 649.445 ; gain = 411.684
---------------------------------------------------------------------------------
---------------------------------------------------------------------------------
Start Handling Custom Attributes
---------------------------------------------------------------------------------
---------------------------------------------------------------------------------
Finished Handling Custom Attributes : Time (s): cpu = 00:00:24 ; elapsed = 00:00:25 . Memory (MB): peak = 649.445 ; gain = 411.684
---------------------------------------------------------------------------------
---------------------------------------------------------------------------------
Start Renaming Generated Nets
---------------------------------------------------------------------------------
---------------------------------------------------------------------------------
Finished Renaming Generated Nets : Time (s): cpu = 00:00:24 ; elapsed = 00:00:25 . Memory (MB): peak = 649.445 ; gain = 411.684
---------------------------------------------------------------------------------
---------------------------------------------------------------------------------
Start Writing Synthesis Report
---------------------------------------------------------------------------------

Report BlackBoxes: 
+-+--------------+----------+
| |BlackBox name |Instances |
+-+--------------+----------+
+-+--------------+----------+

Report Cell Usage: 
+------+-----+------+
|      |Cell |Count |
+------+-----+------+
|1     |LUT1 |     1|
|2     |LUT2 |     1|
|3     |LUT3 |     1|
|4     |LUT4 |    22|
|5     |LUT6 |    36|
|6     |FDRE |   169|
|7     |FDSE |     1|
+------+-----+------+

Report Instance Areas: 
+------+--------------------------+-----------------+------+
|      |Instance                  |Module           |Cells |
+------+--------------------------+-----------------+------+
|1     |top                       |                 |   231|
|2     |  inst                    |myled_v1_0       |   231|
|3     |    myled_v1_0_S_AXI_inst |myled_v1_0_S_AXI |   231|
+------+--------------------------+-----------------+------+
---------------------------------------------------------------------------------
Finished Writing Synthesis Report : Time (s): cpu = 00:00:24 ; elapsed = 00:00:25 . Memory (MB): peak = 649.445 ; gain = 411.684
---------------------------------------------------------------------------------
Synthesis finished with 0 errors, 0 critical warnings and 6 warnings.
Synthesis Optimization Runtime : Time (s): cpu = 00:00:15 ; elapsed = 00:00:20 . Memory (MB): peak = 649.445 ; gain = 118.488
Synthesis Optimization Complete : Time (s): cpu = 00:00:24 ; elapsed = 00:00:25 . Memory (MB): peak = 649.445 ; gain = 411.684
INFO: [Project 1-571] Translating synthesized netlist
INFO: [Project 1-570] Preparing netlist for logic optimization
INFO: [Opt 31-138] Pushed 0 inverter(s) to 0 load pin(s).
INFO: [Project 1-111] Unisim Transformation Summary:
No Unisim elements were transformed.

26 Infos, 13 Warnings, 0 Critical Warnings and 0 Errors encountered.
synth_design completed successfully
synth_design: Time (s): cpu = 00:00:25 ; elapsed = 00:00:27 . Memory (MB): peak = 649.445 ; gain = 412.309
INFO: [Common 17-1381] The checkpoint 'C:/Users/Jeffery Fonda/Dropbox/Classes/EE_Classes/EE324_Projects/LED_Controller/LED_Controller.runs/system_myled_0_0_synth_1/system_myled_0_0.dcp' has been generated.
