#-----------------------------------------------------------
# Vivado v2017.2 (64-bit)
# SW Build 1909853 on Thu Jun 15 18:39:09 MDT 2017
# IP Build 1909766 on Thu Jun 15 19:58:00 MDT 2017
# Start of session at: Wed Sep 20 17:39:29 2017
# Process ID: 896
# Current directory: C:/EE_Classes/EE324_Projects/LED_Controller
# Command line: vivado.exe -gui_launcher_event rodinguilauncherevent1008 C:\EE_Classes\EE324_Projects\LED_Controller\LED_Controller.xpr
# Log file: C:/EE_Classes/EE324_Projects/LED_Controller/vivado.log
# Journal file: C:/EE_Classes/EE324_Projects/LED_Controller\vivado.jou
#-----------------------------------------------------------
start_gui
open_project C:/EE_Classes/EE324_Projects/LED_Controller/LED_Controller.xpr
INFO: [Project 1-313] Project file moved from 'C:/Users/Jeffery Fonda/Dropbox/Classes/EE_Classes/EE324_Projects/LED_Controller' since last save.
Scanning sources...
Finished scanning sources
INFO: [IP_Flow 19-234] Refreshing IP repositories
INFO: [IP_Flow 19-1700] Loaded user IP repository 'c:/EE_Classes/EE324_Projects/Resources/IP_Repo/myled_1.0'.
INFO: [IP_Flow 19-2313] Loaded Vivado IP repository 'C:/Xilinx/Vivado/2017.2/data/ip'.
open_project: Time (s): cpu = 00:00:12 ; elapsed = 00:00:06 . Memory (MB): peak = 795.891 ; gain = 45.285
update_compile_order -fileset sources_1
launch_sdk -workspace C:/EE_Classes/EE324_Projects/LED_Controller/LED_Controller.sdk -hwspec C:/EE_Classes/EE324_Projects/LED_Controller/LED_Controller.sdk/system_wrapper.hdf
INFO: [Vivado 12-393] Launching SDK...
INFO: [Vivado 12-417] Running xsdk -workspace C:/EE_Classes/EE324_Projects/LED_Controller/LED_Controller.sdk -hwspec C:/EE_Classes/EE324_Projects/LED_Controller/LED_Controller.sdk/system_wrapper.hdf
INFO: [Vivado 12-3157] SDK launch initiated. Please check console for any further messages.
exit
INFO: [Common 17-206] Exiting Vivado at Wed Sep 20 18:12:25 2017...
