#-----------------------------------------------------------
# Webtalk v2017.3 (64-bit)
# SW Build 2018833 on Wed Oct  4 19:58:07 MDT 2017
# 
# Start of session at: Wed Nov 29 14:20:05 2017
# Process ID: 9732
# Current directory: /home/jfonda/Documents/EE324/VGA_Controller/VGA_Controller.sdk/webtalk
# Command line: wbtcv -mode batch -source sdk_webtalk.tcl
# Log file: /home/jfonda/Documents/EE324/VGA_Controller/VGA_Controller.sdk/webtalk/webtalk.log
# Journal file: /home/jfonda/Documents/EE324/VGA_Controller/VGA_Controller.sdk/webtalk/webtalk.jou
#-----------------------------------------------------------
source sdk_webtalk.tcl
# webtalk_init -webtalk_dir /home/jfonda/Documents/EE324/VGA_Controller/VGA_Controller.sdk/webtalk
# webtalk_register_client -client project
# webtalk_add_data -client project -key date_generated -value "2017-11-29 14:20:04" -context "software_version_and_target_device"
# webtalk_add_data -client project -key product_version -value "SDK v2017.3" -context "software_version_and_target_device"
# webtalk_add_data -client project -key build_version -value "2017.3" -context "software_version_and_target_device"
# webtalk_add_data -client project -key os_platform -value "amd64" -context "software_version_and_target_device"
# webtalk_add_data -client project -key registration_id -value "" -context "software_version_and_target_device"
# webtalk_add_data -client project -key tool_flow -value "SDK" -context "software_version_and_target_device"
# webtalk_add_data -client project -key beta -value "false" -context "software_version_and_target_device"
# webtalk_add_data -client project -key route_design -value "NA" -context "software_version_and_target_device"
# webtalk_add_data -client project -key target_family -value "NA" -context "software_version_and_target_device"
# webtalk_add_data -client project -key target_device -value "NA" -context "software_version_and_target_device"
# webtalk_add_data -client project -key target_package -value "NA" -context "software_version_and_target_device"
# webtalk_add_data -client project -key target_speed -value "NA" -context "software_version_and_target_device"
# webtalk_add_data -client project -key random_id -value "r3s1ch48vvfuk77uu5bcm5vbd8" -context "software_version_and_target_device"
# webtalk_add_data -client project -key project_id -value "2017.3_7" -context "software_version_and_target_device"
# webtalk_add_data -client project -key project_iteration -value "7" -context "software_version_and_target_device"
# webtalk_add_data -client project -key os_name -value "Ubuntu" -context "user_environment"
# webtalk_add_data -client project -key os_release -value "Ubuntu 16.04.3 LTS" -context "user_environment"
# webtalk_add_data -client project -key cpu_name -value "Intel(R) Core(TM) i7-4870HQ CPU @ 2.50GHz" -context "user_environment"
# webtalk_add_data -client project -key cpu_speed -value "2493.715 MHz" -context "user_environment"
# webtalk_add_data -client project -key total_processors -value "2" -context "user_environment"
# webtalk_add_data -client project -key system_ram -value "8.350 GB" -context "user_environment"
# webtalk_register_client -client sdk
# webtalk_add_data -client sdk -key uid -value "1511992462000" -context "sdk\\\\bsp/1511992462000"
# webtalk_add_data -client sdk -key hwid -value "1510877816000" -context "sdk\\\\bsp/1511992462000"
# webtalk_add_data -client sdk -key os -value "standalone" -context "sdk\\\\bsp/1511992462000"
# webtalk_add_data -client sdk -key apptemplate -value "hello_world" -context "sdk\\\\bsp/1511992462000"
# webtalk_add_data -client sdk -key RecordType -value "BSPCreation" -context "sdk\\\\bsp/1511992462000"
# webtalk_add_data -client sdk -key uid -value "1511992463000" -context "sdk\\\\application/1511992463000"
# webtalk_add_data -client sdk -key hwid -value "1510877816000" -context "sdk\\\\application/1511992463000"
# webtalk_add_data -client sdk -key bspid -value "1511992462000" -context "sdk\\\\application/1511992463000"
# webtalk_add_data -client sdk -key newbsp -value "true" -context "sdk\\\\application/1511992463000"
# webtalk_add_data -client sdk -key os -value "standalone" -context "sdk\\\\application/1511992463000"
# webtalk_add_data -client sdk -key apptemplate -value "hello_world" -context "sdk\\\\application/1511992463000"
# webtalk_add_data -client sdk -key RecordType -value "APPCreation" -context "sdk\\\\application/1511992463000"
# webtalk_add_data -client sdk -key LangUsed -value "C" -context "sdk\\\\application/1511992463000"
# webtalk_add_data -client sdk -key Procused -value "ps7_cortexa9" -context "sdk\\\\application/1511992463000"
# webtalk_add_data -client sdk -key uid -value "NA" -context "sdk\\\\bsp/1511994004594"
# webtalk_add_data -client sdk -key RecordType -value "ToolUsage" -context "sdk\\\\bsp/1511994004594"
# webtalk_add_data -client sdk -key BootgenCount -value "0" -context "sdk\\\\bsp/1511994004594"
# webtalk_add_data -client sdk -key DebugCount -value "14" -context "sdk\\\\bsp/1511994004594"
# webtalk_add_data -client sdk -key PerfCount -value "0" -context "sdk\\\\bsp/1511994004594"
# webtalk_add_data -client sdk -key FlashCount -value "0" -context "sdk\\\\bsp/1511994004594"
# webtalk_add_data -client sdk -key CrossTriggCount -value "0" -context "sdk\\\\bsp/1511994004594"
# webtalk_add_data -client sdk -key QemuDebugCount -value "0" -context "sdk\\\\bsp/1511994004594"
# webtalk_transmit -clientid 2007223758 -regid "" -xml /home/jfonda/Documents/EE324/VGA_Controller/VGA_Controller.sdk/webtalk/usage_statistics_ext_sdk.xml -html /home/jfonda/Documents/EE324/VGA_Controller/VGA_Controller.sdk/webtalk/usage_statistics_ext_sdk.html -wdm /home/jfonda/Documents/EE324/VGA_Controller/VGA_Controller.sdk/webtalk/sdk_webtalk.wdm -intro "<H3>SDK Usage Report</H3><BR>"
INFO: [Common 17-186] '/home/jfonda/Documents/EE324/VGA_Controller/VGA_Controller.sdk/webtalk/usage_statistics_ext_sdk.xml' has been successfully sent to Xilinx on Wed Nov 29 14:20:06 2017. For additional details about this file, please refer to the WebTalk help file at /opt/Xilinx/SDK/2017.3/doc/webtalk_introduction.html.
# webtalk_terminate
INFO: [Common 17-206] Exiting Webtalk at Wed Nov 29 14:20:06 2017...
