
*** Running vivado
    with args -log Stopwatch.vds -m64 -product Vivado -mode batch -messageDb vivado.pb -notrace -source Stopwatch.tcl


****** Vivado v2017.3 (64-bit)
  **** SW Build 2018833 on Wed Oct  4 19:58:07 MDT 2017
  **** IP Build 2016188 on Wed Oct  4 21:52:56 MDT 2017
    ** Copyright 1986-2017 Xilinx, Inc. All Rights Reserved.

source Stopwatch.tcl -notrace
Command: synth_design -top Stopwatch -part xc7a35tcpg236-1
Starting synth_design
Attempting to get a license for feature 'Synthesis' and/or device 'xc7a35t'
INFO: [Common 17-349] Got license for feature 'Synthesis' and/or device 'xc7a35t'
INFO: Launching helper process for spawning children vivado processes
INFO: Helper process launched with PID 5042 
---------------------------------------------------------------------------------
Starting RTL Elaboration : Time (s): cpu = 00:00:07 ; elapsed = 00:00:07 . Memory (MB): peak = 1254.027 ; gain = 73.996 ; free physical = 3218 ; free virtual = 9351
---------------------------------------------------------------------------------
INFO: [Synth 8-638] synthesizing module 'Stopwatch' [/home/jfonda/Documents/EE324/VHDL_Stopwatch/VHDL_Stopwatch.srcs/sources_1/new/source.vhd:42]
WARNING: [Synth 8-614] signal 'millis' is read in the process but is not in the sensitivity list [/home/jfonda/Documents/EE324/VHDL_Stopwatch/VHDL_Stopwatch.srcs/sources_1/new/source.vhd:91]
INFO: [Synth 8-256] done synthesizing module 'Stopwatch' (1#1) [/home/jfonda/Documents/EE324/VHDL_Stopwatch/VHDL_Stopwatch.srcs/sources_1/new/source.vhd:42]
---------------------------------------------------------------------------------
Finished RTL Elaboration : Time (s): cpu = 00:00:08 ; elapsed = 00:00:08 . Memory (MB): peak = 1295.559 ; gain = 115.527 ; free physical = 3229 ; free virtual = 9362
---------------------------------------------------------------------------------

Report Check Netlist: 
+------+------------------+-------+---------+-------+------------------+
|      |Item              |Errors |Warnings |Status |Description       |
+------+------------------+-------+---------+-------+------------------+
|1     |multi_driven_nets |      0|        0|Passed |Multi driven nets |
+------+------------------+-------+---------+-------+------------------+
---------------------------------------------------------------------------------
Finished RTL Optimization Phase 1 : Time (s): cpu = 00:00:08 ; elapsed = 00:00:08 . Memory (MB): peak = 1295.559 ; gain = 115.527 ; free physical = 3228 ; free virtual = 9361
---------------------------------------------------------------------------------
INFO: [Device 21-403] Loading part xc7a35tcpg236-1
INFO: [Project 1-570] Preparing netlist for logic optimization

Processing XDC Constraints
Initializing timing engine
Parsing XDC File [/home/jfonda/Documents/EE324/VHDL_Stopwatch/VHDL_Stopwatch.srcs/constrs_1/new/constraints.xdc]
CRITICAL WARNING: [Common 17-161] Invalid option value '#btnL' specified for 'objects'. [/home/jfonda/Documents/EE324/VHDL_Stopwatch/VHDL_Stopwatch.srcs/constrs_1/new/constraints.xdc:111]
CRITICAL WARNING: [Common 17-161] Invalid option value '#btnR' specified for 'objects'. [/home/jfonda/Documents/EE324/VHDL_Stopwatch/VHDL_Stopwatch.srcs/constrs_1/new/constraints.xdc:113]
CRITICAL WARNING: [Common 17-161] Invalid option value '#btnD' specified for 'objects'. [/home/jfonda/Documents/EE324/VHDL_Stopwatch/VHDL_Stopwatch.srcs/constrs_1/new/constraints.xdc:115]
CRITICAL WARNING: [Common 17-161] Invalid option value '#btnU' specified for 'objects'. [/home/jfonda/Documents/EE324/VHDL_Stopwatch/VHDL_Stopwatch.srcs/constrs_1/new/constraints.xdc:117]
Finished Parsing XDC File [/home/jfonda/Documents/EE324/VHDL_Stopwatch/VHDL_Stopwatch.srcs/constrs_1/new/constraints.xdc]
INFO: [Project 1-236] Implementation specific constraints were found while reading constraint file [/home/jfonda/Documents/EE324/VHDL_Stopwatch/VHDL_Stopwatch.srcs/constrs_1/new/constraints.xdc]. These constraints will be ignored for synthesis but will be used in implementation. Impacted constraints are listed in the file [.Xil/Stopwatch_propImpl.xdc].
Resolution: To avoid this warning, move constraints listed in [.Xil/Stopwatch_propImpl.xdc] to another XDC file and exclude this new file from synthesis with the used_in_synthesis property (File Properties dialog in GUI) and re-run elaboration/synthesis.
Completed Processing XDC Constraints

INFO: [Project 1-111] Unisim Transformation Summary:
No Unisim elements were transformed.

Constraint Validation Runtime : Time (s): cpu = 00:00:00 ; elapsed = 00:00:00 . Memory (MB): peak = 1620.324 ; gain = 0.000 ; free physical = 2933 ; free virtual = 9100
---------------------------------------------------------------------------------
Finished Constraint Validation : Time (s): cpu = 00:00:22 ; elapsed = 00:00:29 . Memory (MB): peak = 1620.324 ; gain = 440.293 ; free physical = 3019 ; free virtual = 9185
---------------------------------------------------------------------------------
---------------------------------------------------------------------------------
Start Loading Part and Timing Information
---------------------------------------------------------------------------------
Loading part: xc7a35tcpg236-1
---------------------------------------------------------------------------------
Finished Loading Part and Timing Information : Time (s): cpu = 00:00:22 ; elapsed = 00:00:29 . Memory (MB): peak = 1620.324 ; gain = 440.293 ; free physical = 3019 ; free virtual = 9185
---------------------------------------------------------------------------------
---------------------------------------------------------------------------------
Start Applying 'set_property' XDC Constraints
---------------------------------------------------------------------------------
---------------------------------------------------------------------------------
Finished applying 'set_property' XDC Constraints : Time (s): cpu = 00:00:22 ; elapsed = 00:00:29 . Memory (MB): peak = 1620.324 ; gain = 440.293 ; free physical = 3021 ; free virtual = 9187
---------------------------------------------------------------------------------
INFO: [Synth 8-5545] ROM "mclk" won't be mapped to RAM because address size (32) is larger than maximum supported(25)
INFO: [Synth 8-5545] ROM "count" won't be mapped to RAM because address size (32) is larger than maximum supported(25)
INFO: [Synth 8-5545] ROM "millis" won't be mapped to RAM because address size (32) is larger than maximum supported(25)
INFO: [Synth 8-5545] ROM "hundreths" won't be mapped to RAM because address size (32) is larger than maximum supported(25)
INFO: [Synth 8-5545] ROM "hundreths" won't be mapped to RAM because address size (32) is larger than maximum supported(25)
INFO: [Synth 8-5545] ROM "tenths" won't be mapped to RAM because address size (32) is larger than maximum supported(25)
INFO: [Synth 8-5545] ROM "tenths" won't be mapped to RAM because address size (32) is larger than maximum supported(25)
INFO: [Synth 8-5545] ROM "seconds" won't be mapped to RAM because address size (32) is larger than maximum supported(25)
INFO: [Synth 8-5545] ROM "seconds" won't be mapped to RAM because address size (32) is larger than maximum supported(25)
INFO: [Synth 8-5545] ROM "tens" won't be mapped to RAM because address size (32) is larger than maximum supported(25)
INFO: [Synth 8-5545] ROM "tens" won't be mapped to RAM because address size (32) is larger than maximum supported(25)
INFO: [Synth 8-5545] ROM "temp" won't be mapped to RAM because address size (32) is larger than maximum supported(25)
INFO: [Synth 8-5545] ROM "temp" won't be mapped to RAM because address size (32) is larger than maximum supported(25)
INFO: [Synth 8-5545] ROM "temp" won't be mapped to RAM because address size (32) is larger than maximum supported(25)
INFO: [Synth 8-5545] ROM "temp" won't be mapped to RAM because address size (32) is larger than maximum supported(25)
INFO: [Synth 8-5545] ROM "mclk" won't be mapped to RAM because address size (32) is larger than maximum supported(25)
INFO: [Synth 8-5545] ROM "count" won't be mapped to RAM because address size (32) is larger than maximum supported(25)
INFO: [Synth 8-5544] ROM "hundreths" won't be mapped to Block RAM because address size (1) smaller than threshold (5)
INFO: [Synth 8-5544] ROM "tenths" won't be mapped to Block RAM because address size (1) smaller than threshold (5)
INFO: [Synth 8-5545] ROM "seconds" won't be mapped to RAM because address size (32) is larger than maximum supported(25)
INFO: [Synth 8-5544] ROM "seconds" won't be mapped to Block RAM because address size (1) smaller than threshold (5)
INFO: [Synth 8-5545] ROM "tens" won't be mapped to RAM because address size (32) is larger than maximum supported(25)
INFO: [Synth 8-5545] ROM "tens" won't be mapped to RAM because address size (32) is larger than maximum supported(25)
INFO: [Synth 8-5545] ROM "temp" won't be mapped to RAM because address size (32) is larger than maximum supported(25)
INFO: [Synth 8-5545] ROM "temp" won't be mapped to RAM because address size (32) is larger than maximum supported(25)
INFO: [Synth 8-5545] ROM "temp" won't be mapped to RAM because address size (32) is larger than maximum supported(25)
INFO: [Synth 8-5545] ROM "temp" won't be mapped to RAM because address size (32) is larger than maximum supported(25)
INFO: [Synth 8-5544] ROM "AN" won't be mapped to Block RAM because address size (1) smaller than threshold (5)
---------------------------------------------------------------------------------
Finished RTL Optimization Phase 2 : Time (s): cpu = 00:00:22 ; elapsed = 00:00:30 . Memory (MB): peak = 1620.324 ; gain = 440.293 ; free physical = 3013 ; free virtual = 9179
---------------------------------------------------------------------------------

Report RTL Partitions: 
+-+--------------+------------+----------+
| |RTL Partition |Replication |Instances |
+-+--------------+------------+----------+
+-+--------------+------------+----------+
---------------------------------------------------------------------------------
Start RTL Component Statistics 
---------------------------------------------------------------------------------
Detailed RTL Component Info : 
+---Adders : 
	   2 Input     32 Bit       Adders := 6     
+---Registers : 
	               32 Bit    Registers := 6     
	                1 Bit    Registers := 2     
+---Muxes : 
	   2 Input     32 Bit        Muxes := 10    
	  12 Input      8 Bit        Muxes := 4     
	   2 Input      8 Bit        Muxes := 4     
	   4 Input      4 Bit        Muxes := 1     
	   2 Input      1 Bit        Muxes := 6     
	   5 Input      1 Bit        Muxes := 1     
---------------------------------------------------------------------------------
Finished RTL Component Statistics 
---------------------------------------------------------------------------------
---------------------------------------------------------------------------------
Start RTL Hierarchical Component Statistics 
---------------------------------------------------------------------------------
Hierarchical RTL Component report 
Module Stopwatch 
Detailed RTL Component Info : 
+---Adders : 
	   2 Input     32 Bit       Adders := 6     
+---Registers : 
	               32 Bit    Registers := 6     
	                1 Bit    Registers := 2     
+---Muxes : 
	   2 Input     32 Bit        Muxes := 10    
	  12 Input      8 Bit        Muxes := 4     
	   2 Input      8 Bit        Muxes := 4     
	   4 Input      4 Bit        Muxes := 1     
	   2 Input      1 Bit        Muxes := 6     
	   5 Input      1 Bit        Muxes := 1     
---------------------------------------------------------------------------------
Finished RTL Hierarchical Component Statistics
---------------------------------------------------------------------------------
---------------------------------------------------------------------------------
Start Part Resource Summary
---------------------------------------------------------------------------------
Part Resources:
DSPs: 90 (col length:60)
BRAMs: 100 (col length: RAMB18 60 RAMB36 30)
---------------------------------------------------------------------------------
Finished Part Resource Summary
---------------------------------------------------------------------------------
---------------------------------------------------------------------------------
Start Cross Boundary and Area Optimization
---------------------------------------------------------------------------------
INFO: [Synth 8-5545] ROM "count" won't be mapped to RAM because address size (32) is larger than maximum supported(25)
INFO: [Synth 8-5545] ROM "mclk" won't be mapped to RAM because address size (32) is larger than maximum supported(25)
INFO: [Synth 8-5545] ROM "seconds" won't be mapped to RAM because address size (32) is larger than maximum supported(25)
INFO: [Synth 8-5545] ROM "tens" won't be mapped to RAM because address size (32) is larger than maximum supported(25)
INFO: [Synth 8-5587] ROM size for "temp" is below threshold of ROM address width. It will be mapped to LUTs
INFO: [Synth 8-5587] ROM size for "temp" is below threshold of ROM address width. It will be mapped to LUTs
INFO: [Synth 8-5587] ROM size for "temp" is below threshold of ROM address width. It will be mapped to LUTs
INFO: [Synth 8-5587] ROM size for "temp" is below threshold of ROM address width. It will be mapped to LUTs
WARNING: [Synth 8-6014] Unused sequential element hundreths_reg was removed.  [/home/jfonda/Documents/EE324/VHDL_Stopwatch/VHDL_Stopwatch.srcs/sources_1/new/source.vhd:95]
WARNING: [Synth 8-6014] Unused sequential element tenths_reg was removed.  [/home/jfonda/Documents/EE324/VHDL_Stopwatch/VHDL_Stopwatch.srcs/sources_1/new/source.vhd:96]
---------------------------------------------------------------------------------
Finished Cross Boundary and Area Optimization : Time (s): cpu = 00:00:24 ; elapsed = 00:00:32 . Memory (MB): peak = 1620.324 ; gain = 440.293 ; free physical = 2990 ; free virtual = 9159
---------------------------------------------------------------------------------

Report RTL Partitions: 
+-+--------------+------------+----------+
| |RTL Partition |Replication |Instances |
+-+--------------+------------+----------+
+-+--------------+------------+----------+
---------------------------------------------------------------------------------
Start Applying XDC Timing Constraints
---------------------------------------------------------------------------------
---------------------------------------------------------------------------------
Finished Applying XDC Timing Constraints : Time (s): cpu = 00:00:29 ; elapsed = 00:00:39 . Memory (MB): peak = 1620.324 ; gain = 440.293 ; free physical = 2857 ; free virtual = 9032
---------------------------------------------------------------------------------
---------------------------------------------------------------------------------
Start Timing Optimization
---------------------------------------------------------------------------------
---------------------------------------------------------------------------------
Finished Timing Optimization : Time (s): cpu = 00:00:30 ; elapsed = 00:00:41 . Memory (MB): peak = 1647.340 ; gain = 467.309 ; free physical = 2835 ; free virtual = 9010
---------------------------------------------------------------------------------

Report RTL Partitions: 
+-+--------------+------------+----------+
| |RTL Partition |Replication |Instances |
+-+--------------+------------+----------+
+-+--------------+------------+----------+
---------------------------------------------------------------------------------
Start Technology Mapping
---------------------------------------------------------------------------------
---------------------------------------------------------------------------------
Finished Technology Mapping : Time (s): cpu = 00:00:30 ; elapsed = 00:00:41 . Memory (MB): peak = 1647.340 ; gain = 467.309 ; free physical = 2831 ; free virtual = 9007
---------------------------------------------------------------------------------

Report RTL Partitions: 
+-+--------------+------------+----------+
| |RTL Partition |Replication |Instances |
+-+--------------+------------+----------+
+-+--------------+------------+----------+
---------------------------------------------------------------------------------
Start IO Insertion
---------------------------------------------------------------------------------
---------------------------------------------------------------------------------
Start Flattening Before IO Insertion
---------------------------------------------------------------------------------
---------------------------------------------------------------------------------
Finished Flattening Before IO Insertion
---------------------------------------------------------------------------------
---------------------------------------------------------------------------------
Start Final Netlist Cleanup
---------------------------------------------------------------------------------
---------------------------------------------------------------------------------
Finished Final Netlist Cleanup
---------------------------------------------------------------------------------
---------------------------------------------------------------------------------
Finished IO Insertion : Time (s): cpu = 00:00:31 ; elapsed = 00:00:41 . Memory (MB): peak = 1647.340 ; gain = 467.309 ; free physical = 2834 ; free virtual = 9009
---------------------------------------------------------------------------------

Report Check Netlist: 
+------+------------------+-------+---------+-------+------------------+
|      |Item              |Errors |Warnings |Status |Description       |
+------+------------------+-------+---------+-------+------------------+
|1     |multi_driven_nets |      0|        0|Passed |Multi driven nets |
+------+------------------+-------+---------+-------+------------------+
---------------------------------------------------------------------------------
Start Renaming Generated Instances
---------------------------------------------------------------------------------
---------------------------------------------------------------------------------
Finished Renaming Generated Instances : Time (s): cpu = 00:00:31 ; elapsed = 00:00:41 . Memory (MB): peak = 1647.340 ; gain = 467.309 ; free physical = 2834 ; free virtual = 9009
---------------------------------------------------------------------------------

Report RTL Partitions: 
+-+--------------+------------+----------+
| |RTL Partition |Replication |Instances |
+-+--------------+------------+----------+
+-+--------------+------------+----------+
---------------------------------------------------------------------------------
Start Rebuilding User Hierarchy
---------------------------------------------------------------------------------
---------------------------------------------------------------------------------
Finished Rebuilding User Hierarchy : Time (s): cpu = 00:00:31 ; elapsed = 00:00:41 . Memory (MB): peak = 1647.340 ; gain = 467.309 ; free physical = 2834 ; free virtual = 9009
---------------------------------------------------------------------------------
---------------------------------------------------------------------------------
Start Renaming Generated Ports
---------------------------------------------------------------------------------
---------------------------------------------------------------------------------
Finished Renaming Generated Ports : Time (s): cpu = 00:00:31 ; elapsed = 00:00:41 . Memory (MB): peak = 1647.340 ; gain = 467.309 ; free physical = 2834 ; free virtual = 9009
---------------------------------------------------------------------------------
---------------------------------------------------------------------------------
Start Handling Custom Attributes
---------------------------------------------------------------------------------
---------------------------------------------------------------------------------
Finished Handling Custom Attributes : Time (s): cpu = 00:00:31 ; elapsed = 00:00:41 . Memory (MB): peak = 1647.340 ; gain = 467.309 ; free physical = 2834 ; free virtual = 9009
---------------------------------------------------------------------------------
---------------------------------------------------------------------------------
Start Renaming Generated Nets
---------------------------------------------------------------------------------
---------------------------------------------------------------------------------
Finished Renaming Generated Nets : Time (s): cpu = 00:00:31 ; elapsed = 00:00:41 . Memory (MB): peak = 1647.340 ; gain = 467.309 ; free physical = 2834 ; free virtual = 9009
---------------------------------------------------------------------------------
---------------------------------------------------------------------------------
Start Writing Synthesis Report
---------------------------------------------------------------------------------

Report BlackBoxes: 
+-+--------------+----------+
| |BlackBox name |Instances |
+-+--------------+----------+
+-+--------------+----------+

Report Cell Usage: 
+------+-------+------+
|      |Cell   |Count |
+------+-------+------+
|1     |BUFG   |     2|
|2     |CARRY4 |    89|
|3     |LUT1   |    12|
|4     |LUT2   |   303|
|5     |LUT3   |   166|
|6     |LUT4   |    62|
|7     |LUT5   |    65|
|8     |LUT6   |    65|
|9     |FDCE   |   160|
|10    |FDPE   |    32|
|11    |FDRE   |    34|
|12    |LDC    |    32|
|13    |IBUF   |     5|
|14    |OBUF   |    16|
+------+-------+------+

Report Instance Areas: 
+------+---------+-------+------+
|      |Instance |Module |Cells |
+------+---------+-------+------+
|1     |top      |       |  1043|
+------+---------+-------+------+
---------------------------------------------------------------------------------
Finished Writing Synthesis Report : Time (s): cpu = 00:00:31 ; elapsed = 00:00:41 . Memory (MB): peak = 1647.340 ; gain = 467.309 ; free physical = 2834 ; free virtual = 9009
---------------------------------------------------------------------------------
Synthesis finished with 0 errors, 0 critical warnings and 2 warnings.
Synthesis Optimization Runtime : Time (s): cpu = 00:00:25 ; elapsed = 00:00:28 . Memory (MB): peak = 1647.340 ; gain = 142.543 ; free physical = 2888 ; free virtual = 9063
Synthesis Optimization Complete : Time (s): cpu = 00:00:31 ; elapsed = 00:00:42 . Memory (MB): peak = 1647.348 ; gain = 467.309 ; free physical = 2888 ; free virtual = 9063
INFO: [Project 1-571] Translating synthesized netlist
INFO: [Netlist 29-17] Analyzing 126 Unisim elements for replacement
INFO: [Netlist 29-28] Unisim Transformation completed in 0 CPU seconds
WARNING: [Netlist 29-101] Netlist 'Stopwatch' is not ideal for floorplanning, since the cellview 'Stopwatch' contains a large number of primitives.  Please consider enabling hierarchy in synthesis if you want to do floorplanning.
INFO: [Project 1-570] Preparing netlist for logic optimization
INFO: [Opt 31-138] Pushed 0 inverter(s) to 0 load pin(s).
INFO: [Project 1-111] Unisim Transformation Summary:
  A total of 32 instances were transformed.
  LDC => LDCE: 32 instances

INFO: [Common 17-83] Releasing license: Synthesis
50 Infos, 4 Warnings, 4 Critical Warnings and 0 Errors encountered.
synth_design completed successfully
synth_design: Time (s): cpu = 00:00:33 ; elapsed = 00:00:43 . Memory (MB): peak = 1647.348 ; gain = 480.691 ; free physical = 2889 ; free virtual = 9065
INFO: [Common 17-1381] The checkpoint '/home/jfonda/Documents/EE324/VHDL_Stopwatch/VHDL_Stopwatch.runs/synth_1/Stopwatch.dcp' has been generated.
INFO: [runtcl-4] Executing : report_utilization -file Stopwatch_utilization_synth.rpt -pb Stopwatch_utilization_synth.pb
report_utilization: Time (s): cpu = 00:00:00.07 ; elapsed = 00:00:00.09 . Memory (MB): peak = 1671.352 ; gain = 0.000 ; free physical = 2889 ; free virtual = 9066
INFO: [Common 17-206] Exiting Vivado at Fri Dec  1 10:42:26 2017...
